<?xml version="1.0" encoding="UTF-8"?>
<coverage generated="1767801487853" clover="3.2.0">
  <project timestamp="1767801487853" name="All files">
    <metrics statements="224" coveredstatements="185" conditionals="190" coveredconditionals="117" methods="78" coveredmethods="62" elements="492" coveredelements="364" complexity="0" loc="224" ncloc="224" packages="1" files="6" classes="6"/>
    <file name="App.tsx" path="/home/barro/code/barro/ai-game/src/App.tsx">
      <metrics statements="30" coveredstatements="21" conditionals="26" coveredconditionals="12" methods="11" coveredmethods="6"/>
      <line num="12" count="2" type="stmt"/>
      <line num="14" count="2" type="stmt"/>
      <line num="15" count="2" type="stmt"/>
      <line num="16" count="2" type="stmt"/>
      <line num="19" count="2" type="stmt"/>
      <line num="20" count="2" type="stmt"/>
      <line num="21" count="2" type="cond" truecount="2" falsecount="0"/>
      <line num="22" count="1" type="stmt"/>
      <line num="24" count="1" type="cond" truecount="1" falsecount="1"/>
      <line num="25" count="1" type="stmt"/>
      <line num="27" count="1" type="cond" truecount="1" falsecount="1"/>
      <line num="28" count="0" type="stmt"/>
      <line num="30" count="1" type="cond" truecount="1" falsecount="1"/>
      <line num="31" count="0" type="stmt"/>
      <line num="33" count="1" type="cond" truecount="1" falsecount="1"/>
      <line num="34" count="1" type="stmt"/>
      <line num="36" count="1" type="cond" truecount="1" falsecount="1"/>
      <line num="37" count="1" type="stmt"/>
      <line num="39" count="1" type="stmt"/>
      <line num="42" count="2" type="stmt"/>
      <line num="43" count="0" type="stmt"/>
      <line num="44" count="0" type="stmt"/>
      <line num="70" count="0" type="stmt"/>
      <line num="73" count="2" type="stmt"/>
      <line num="76" count="2" type="stmt"/>
      <line num="80" count="0" type="stmt"/>
      <line num="86" count="0" type="stmt"/>
      <line num="92" count="0" type="stmt"/>
      <line num="98" count="1" type="stmt"/>
      <line num="108" count="0" type="stmt"/>
    </file>
    <file name="ContractsView.tsx" path="/home/barro/code/barro/ai-game/src/ContractsView.tsx">
      <metrics statements="11" coveredstatements="10" conditionals="32" coveredconditionals="15" methods="7" coveredmethods="6"/>
      <line num="15" count="2" type="stmt"/>
      <line num="17" count="2" type="stmt"/>
      <line num="18" count="2" type="stmt"/>
      <line num="21" count="2" type="stmt"/>
      <line num="22" count="1" type="cond" truecount="1" falsecount="1"/>
      <line num="24" count="1" type="stmt"/>
      <line num="63" count="1" type="stmt"/>
      <line num="83" count="0" type="stmt"/>
      <line num="94" count="2" type="stmt"/>
      <line num="98" count="1" type="stmt"/>
      <line num="129" count="1" type="stmt"/>
    </file>
    <file name="OrbitView.tsx" path="/home/barro/code/barro/ai-game/src/OrbitView.tsx">
      <metrics statements="11" coveredstatements="11" conditionals="12" coveredconditionals="8" methods="4" coveredmethods="4"/>
      <line num="5" count="3" type="stmt"/>
      <line num="7" count="3" type="stmt"/>
      <line num="8" count="3" type="stmt"/>
      <line num="10" count="3" type="stmt"/>
      <line num="20" count="2" type="stmt"/>
      <line num="21" count="2" type="stmt"/>
      <line num="22" count="2" type="stmt"/>
      <line num="23" count="2" type="stmt"/>
      <line num="25" count="2" type="stmt"/>
      <line num="49" count="1" type="stmt"/>
      <line num="59" count="1" type="stmt"/>
    </file>
    <file name="ResearchTreeView.tsx" path="/home/barro/code/barro/ai-game/src/ResearchTreeView.tsx">
      <metrics statements="20" coveredstatements="20" conditionals="20" coveredconditionals="20" methods="9" coveredmethods="9"/>
      <line num="5" count="2" type="stmt"/>
      <line num="6" count="20" type="cond" truecount="4" falsecount="0"/>
      <line num="7" count="5" type="stmt"/>
      <line num="8" count="5" type="stmt"/>
      <line num="9" count="5" type="stmt"/>
      <line num="10" count="5" type="stmt"/>
      <line num="15" count="5" type="stmt"/>
      <line num="17" count="5" type="stmt"/>
      <line num="19" count="152" type="stmt"/>
      <line num="20" count="5" type="stmt"/>
      <line num="21" count="60" type="cond" truecount="2" falsecount="0"/>
      <line num="22" count="59" type="cond" truecount="2" falsecount="0"/>
      <line num="23" count="47" type="stmt"/>
      <line num="26" count="5" type="stmt"/>
      <line num="30" count="20" type="stmt"/>
      <line num="36" count="240" type="stmt"/>
      <line num="38" count="60" type="stmt"/>
      <line num="39" count="60" type="stmt"/>
      <line num="41" count="60" type="stmt"/>
      <line num="44" count="3" type="cond" truecount="2" falsecount="0"/>
    </file>
    <file name="researchTree.ts" path="/home/barro/code/barro/ai-game/src/researchTree.ts">
      <metrics statements="1" coveredstatements="1" conditionals="0" coveredconditionals="0" methods="0" coveredmethods="0"/>
      <line num="18" count="5" type="stmt"/>
    </file>
    <file name="useGameStore.ts" path="/home/barro/code/barro/ai-game/src/useGameStore.ts">
      <metrics statements="151" coveredstatements="122" conditionals="100" coveredconditionals="62" methods="47" coveredmethods="37"/>
      <line num="87" count="2" type="stmt"/>
      <line num="123" count="7" type="stmt"/>
      <line num="124" count="7" type="stmt"/>
      <line num="126" count="7" type="stmt"/>
      <line num="127" count="7" type="stmt"/>
      <line num="128" count="7" type="stmt"/>
      <line num="129" count="7" type="stmt"/>
      <line num="130" count="7" type="cond" truecount="2" falsecount="0"/>
      <line num="132" count="7" type="stmt"/>
      <line num="133" count="7" type="stmt"/>
      <line num="136" count="7" type="stmt"/>
      <line num="137" count="5" type="cond" truecount="2" falsecount="0"/>
      <line num="138" count="4" type="stmt"/>
      <line num="141" count="4" type="cond" truecount="1" falsecount="1"/>
      <line num="142" count="0" type="stmt"/>
      <line num="144" count="0" type="cond" truecount="0" falsecount="5"/>
      <line num="145" count="0" type="stmt"/>
      <line num="146" count="0" type="cond" truecount="0" falsecount="2"/>
      <line num="147" count="0" type="stmt"/>
      <line num="148" count="0" type="stmt"/>
      <line num="152" count="4" type="stmt"/>
      <line num="157" count="7" type="stmt"/>
      <line num="158" count="7" type="stmt"/>
      <line num="159" count="7" type="stmt"/>
      <line num="162" count="7" type="stmt"/>
      <line num="163" count="2" type="cond" truecount="1" falsecount="1"/>
      <line num="164" count="2" type="stmt"/>
      <line num="166" count="0" type="stmt"/>
      <line num="167" count="0" type="stmt"/>
      <line num="172" count="7" type="cond" truecount="1" falsecount="1"/>
      <line num="173" count="7" type="stmt"/>
      <line num="174" count="2" type="cond" truecount="2" falsecount="0"/>
      <line num="175" count="1" type="stmt"/>
      <line num="176" count="1" type="cond" truecount="1" falsecount="1"/>
      <line num="177" count="1" type="stmt"/>
      <line num="182" count="7" type="cond" truecount="4" falsecount="0"/>
      <line num="183" count="1" type="cond" truecount="1" falsecount="1"/>
      <line num="184" count="1" type="stmt"/>
      <line num="185" count="1" type="cond" truecount="1" falsecount="1"/>
      <line num="186" count="1" type="stmt"/>
      <line num="187" count="1" type="stmt"/>
      <line num="192" count="7" type="stmt"/>
      <line num="194" count="7" type="stmt"/>
      <line num="204" count="1" type="stmt"/>
      <line num="205" count="1" type="stmt"/>
      <line num="206" count="1" type="stmt"/>
      <line num="207" count="1" type="stmt"/>
      <line num="209" count="1" type="cond" truecount="1" falsecount="1"/>
      <line num="210" count="1" type="stmt"/>
      <line num="211" count="1" type="stmt"/>
      <line num="212" count="1" type="cond" truecount="1" falsecount="1"/>
      <line num="213" count="1" type="stmt"/>
      <line num="214" count="1" type="stmt"/>
      <line num="217" count="1" type="stmt"/>
      <line num="218" count="1" type="cond" truecount="1" falsecount="1"/>
      <line num="219" count="0" type="stmt"/>
      <line num="222" count="1" type="stmt"/>
      <line num="225" count="1" type="stmt"/>
      <line num="232" count="0" type="stmt"/>
      <line num="235" count="0" type="stmt"/>
      <line num="236" count="0" type="stmt"/>
      <line num="237" count="0" type="cond" truecount="0" falsecount="2"/>
      <line num="238" count="0" type="stmt"/>
      <line num="240" count="0" type="stmt"/>
      <line num="242" count="3" type="stmt"/>
      <line num="243" count="3" type="stmt"/>
      <line num="244" count="3" type="stmt"/>
      <line num="245" count="3" type="stmt"/>
      <line num="246" count="3" type="cond" truecount="4" falsecount="0"/>
      <line num="247" count="1" type="stmt"/>
      <line num="258" count="2" type="stmt"/>
      <line num="261" count="0" type="stmt"/>
      <line num="262" count="0" type="stmt"/>
      <line num="263" count="0" type="stmt"/>
      <line num="264" count="0" type="cond" truecount="0" falsecount="2"/>
      <line num="265" count="0" type="stmt"/>
      <line num="270" count="0" type="stmt"/>
      <line num="273" count="0" type="stmt"/>
      <line num="274" count="0" type="cond" truecount="0" falsecount="4"/>
      <line num="275" count="0" type="stmt"/>
      <line num="278" count="1" type="stmt"/>
      <line num="279" count="1" type="stmt"/>
      <line num="280" count="1" type="cond" truecount="2" falsecount="0"/>
      <line num="281" count="1" type="cond" truecount="1" falsecount="1"/>
      <line num="282" count="1" type="stmt"/>
      <line num="285" count="1" type="cond" truecount="1" falsecount="1"/>
      <line num="286" count="1" type="cond" truecount="4" falsecount="1"/>
      <line num="287" count="1" type="stmt"/>
      <line num="288" count="1" type="cond" truecount="1" falsecount="1"/>
      <line num="289" count="1" type="stmt"/>
      <line num="290" count="1" type="stmt"/>
      <line num="294" count="1" type="stmt"/>
      <line num="295" count="1" type="stmt"/>
      <line num="302" count="1" type="stmt"/>
      <line num="303" count="1" type="stmt"/>
      <line num="306" count="46" type="stmt"/>
      <line num="307" count="46" type="stmt"/>
      <line num="308" count="552" type="cond" truecount="2" falsecount="0"/>
      <line num="309" count="4" type="stmt"/>
      <line num="311" count="46" type="cond" truecount="2" falsecount="0"/>
      <line num="315" count="4" type="cond" truecount="1" falsecount="1"/>
      <line num="316" count="4" type="stmt"/>
      <line num="318" count="0" type="stmt"/>
      <line num="321" count="2" type="stmt"/>
      <line num="322" count="5" type="stmt"/>
      <line num="323" count="3" type="stmt"/>
      <line num="324" count="3" type="cond" truecount="1" falsecount="1"/>
      <line num="326" count="3" type="stmt"/>
      <line num="327" count="3" type="stmt"/>
      <line num="329" count="3" type="cond" truecount="2" falsecount="0"/>
      <line num="330" count="9" type="stmt"/>
      <line num="331" count="9" type="stmt"/>
      <line num="333" count="9" type="stmt"/>
      <line num="334" count="9" type="stmt"/>
      <line num="335" count="9" type="stmt"/>
      <line num="337" count="9" type="stmt"/>
      <line num="355" count="3" type="stmt"/>
      <line num="357" count="3" type="stmt"/>
      <line num="358" count="3" type="cond" truecount="2" falsecount="0"/>
      <line num="360" count="2" type="stmt"/>
      <line num="361" count="2" type="cond" truecount="1" falsecount="1"/>
      <line num="363" count="2" type="stmt"/>
      <line num="365" count="6" type="stmt"/>
      <line num="369" count="1" type="stmt"/>
      <line num="370" count="1" type="stmt"/>
      <line num="371" count="1" type="cond" truecount="3" falsecount="1"/>
      <line num="373" count="1" type="cond" truecount="3" falsecount="1"/>
      <line num="375" count="1" type="stmt"/>
      <line num="376" count="1" type="cond" truecount="1" falsecount="1"/>
      <line num="378" count="1" type="stmt"/>
      <line num="379" count="1" type="stmt"/>
      <line num="380" count="1" type="stmt"/>
      <line num="381" count="1" type="stmt"/>
      <line num="383" count="1" type="cond" truecount="1" falsecount="1"/>
      <line num="384" count="0" type="stmt"/>
      <line num="385" count="0" type="stmt"/>
      <line num="386" count="0" type="stmt"/>
      <line num="389" count="1" type="stmt"/>
      <line num="390" count="1" type="cond" truecount="1" falsecount="1"/>
      <line num="393" count="1" type="stmt"/>
      <line num="395" count="1" type="stmt"/>
      <line num="403" count="0" type="stmt"/>
      <line num="405" count="4" type="stmt"/>
      <line num="406" count="11" type="stmt"/>
      <line num="407" count="4" type="cond" truecount="1" falsecount="1"/>
      <line num="410" count="4" type="cond" truecount="1" falsecount="1"/>
      <line num="413" count="4" type="stmt"/>
      <line num="414" count="4" type="cond" truecount="2" falsecount="0"/>
      <line num="417" count="3" type="cond" truecount="2" falsecount="0"/>
      <line num="419" count="2" type="stmt"/>
      <line num="421" count="2" type="stmt"/>
    </file>
  </project>
</coverage>
