{"/home/barro/code/barro/ai-game/src/App.tsx": {"path":"/home/barro/code/barro/ai-game/src/App.tsx","statementMap":{"0":{"start":{"line":12,"column":81},"end":{"line":12,"column":null}},"1":{"start":{"line":14,"column":2},"end":{"line":17,"column":null}},"2":{"start":{"line":15,"column":21},"end":{"line":15,"column":null}},"3":{"start":{"line":16,"column":4},"end":{"line":16,"column":null}},"4":{"start":{"line":16,"column":17},"end":{"line":16,"column":null}},"5":{"start":{"line":19,"column":2},"end":{"line":74,"column":null}},"6":{"start":{"line":20,"column":23},"end":{"line":20,"column":null}},"7":{"start":{"line":21,"column":4},"end":{"line":40,"column":null}},"8":{"start":{"line":22,"column":20},"end":{"line":22,"column":null}},"9":{"start":{"line":24,"column":6},"end":{"line":26,"column":null}},"10":{"start":{"line":25,"column":8},"end":{"line":25,"column":null}},"11":{"start":{"line":27,"column":6},"end":{"line":29,"column":null}},"12":{"start":{"line":28,"column":8},"end":{"line":28,"column":null}},"13":{"start":{"line":30,"column":6},"end":{"line":32,"column":null}},"14":{"start":{"line":31,"column":8},"end":{"line":31,"column":null}},"15":{"start":{"line":33,"column":6},"end":{"line":35,"column":null}},"16":{"start":{"line":34,"column":8},"end":{"line":34,"column":null}},"17":{"start":{"line":36,"column":6},"end":{"line":38,"column":null}},"18":{"start":{"line":37,"column":8},"end":{"line":37,"column":null}},"19":{"start":{"line":39,"column":6},"end":{"line":39,"column":null}},"20":{"start":{"line":42,"column":21},"end":{"line":71,"column":null}},"21":{"start":{"line":43,"column":20},"end":{"line":43,"column":null}},"22":{"start":{"line":44,"column":26},"end":{"line":69,"column":null}},"23":{"start":{"line":70,"column":6},"end":{"line":70,"column":null}},"24":{"start":{"line":73,"column":4},"end":{"line":73,"column":null}},"25":{"start":{"line":73,"column":17},"end":{"line":73,"column":null}},"26":{"start":{"line":76,"column":2},"end":{"line":130,"column":null}},"27":{"start":{"line":80,"column":25},"end":{"line":80,"column":null}},"28":{"start":{"line":86,"column":25},"end":{"line":86,"column":null}},"29":{"start":{"line":92,"column":25},"end":{"line":92,"column":null}},"30":{"start":{"line":98,"column":25},"end":{"line":98,"column":null}},"31":{"start":{"line":108,"column":10},"end":{"line":110,"column":null}}},"fnMap":{"0":{"name":"App","decl":{"start":{"line":11,"column":16},"end":{"line":11,"column":22}},"loc":{"start":{"line":11,"column":22},"end":{"line":132,"column":null}},"line":11},"1":{"name":"(anonymous_1)","decl":{"start":{"line":14,"column":12},"end":{"line":14,"column":18}},"loc":{"start":{"line":14,"column":18},"end":{"line":17,"column":5}},"line":14},"2":{"name":"(anonymous_2)","decl":{"start":{"line":16,"column":11},"end":{"line":16,"column":17}},"loc":{"start":{"line":16,"column":17},"end":{"line":16,"column":null}},"line":16},"3":{"name":"(anonymous_3)","decl":{"start":{"line":19,"column":12},"end":{"line":19,"column":18}},"loc":{"start":{"line":19,"column":18},"end":{"line":74,"column":5}},"line":19},"4":{"name":"(anonymous_4)","decl":{"start":{"line":42,"column":33},"end":{"line":42,"column":39}},"loc":{"start":{"line":42,"column":39},"end":{"line":71,"column":7}},"line":42},"5":{"name":"(anonymous_5)","decl":{"start":{"line":73,"column":11},"end":{"line":73,"column":17}},"loc":{"start":{"line":73,"column":17},"end":{"line":73,"column":null}},"line":73},"6":{"name":"(anonymous_6)","decl":{"start":{"line":80,"column":19},"end":{"line":80,"column":25}},"loc":{"start":{"line":80,"column":25},"end":{"line":80,"column":null}},"line":80},"7":{"name":"(anonymous_7)","decl":{"start":{"line":86,"column":19},"end":{"line":86,"column":25}},"loc":{"start":{"line":86,"column":25},"end":{"line":86,"column":null}},"line":86},"8":{"name":"(anonymous_8)","decl":{"start":{"line":92,"column":19},"end":{"line":92,"column":25}},"loc":{"start":{"line":92,"column":25},"end":{"line":92,"column":null}},"line":92},"9":{"name":"(anonymous_9)","decl":{"start":{"line":98,"column":19},"end":{"line":98,"column":25}},"loc":{"start":{"line":98,"column":25},"end":{"line":98,"column":null}},"line":98},"10":{"name":"(anonymous_10)","decl":{"start":{"line":107,"column":27},"end":{"line":107,"column":28}},"loc":{"start":{"line":108,"column":10},"end":{"line":110,"column":null}},"line":108}},"branchMap":{"0":{"loc":{"start":{"line":21,"column":4},"end":{"line":40,"column":null}},"type":"if","locations":[{"start":{"line":21,"column":4},"end":{"line":40,"column":null}},{"start":{},"end":{}}],"line":21},"1":{"loc":{"start":{"line":24,"column":6},"end":{"line":26,"column":null}},"type":"if","locations":[{"start":{"line":24,"column":6},"end":{"line":26,"column":null}},{"start":{},"end":{}}],"line":24},"2":{"loc":{"start":{"line":27,"column":6},"end":{"line":29,"column":null}},"type":"if","locations":[{"start":{"line":27,"column":6},"end":{"line":29,"column":null}},{"start":{},"end":{}}],"line":27},"3":{"loc":{"start":{"line":30,"column":6},"end":{"line":32,"column":null}},"type":"if","locations":[{"start":{"line":30,"column":6},"end":{"line":32,"column":null}},{"start":{},"end":{}}],"line":30},"4":{"loc":{"start":{"line":33,"column":6},"end":{"line":35,"column":null}},"type":"if","locations":[{"start":{"line":33,"column":6},"end":{"line":35,"column":null}},{"start":{},"end":{}}],"line":33},"5":{"loc":{"start":{"line":36,"column":6},"end":{"line":38,"column":null}},"type":"if","locations":[{"start":{"line":36,"column":6},"end":{"line":38,"column":null}},{"start":{},"end":{}}],"line":36},"6":{"loc":{"start":{"line":81,"column":42},"end":{"line":81,"column":117}},"type":"cond-expr","locations":[{"start":{"line":81,"column":70},"end":{"line":81,"column":86}},{"start":{"line":81,"column":86},"end":{"line":81,"column":117}}],"line":81},"7":{"loc":{"start":{"line":87,"column":42},"end":{"line":87,"column":115}},"type":"cond-expr","locations":[{"start":{"line":87,"column":68},"end":{"line":87,"column":84}},{"start":{"line":87,"column":84},"end":{"line":87,"column":115}}],"line":87},"8":{"loc":{"start":{"line":93,"column":42},"end":{"line":93,"column":119}},"type":"cond-expr","locations":[{"start":{"line":93,"column":72},"end":{"line":93,"column":88}},{"start":{"line":93,"column":88},"end":{"line":93,"column":119}}],"line":93},"9":{"loc":{"start":{"line":99,"column":42},"end":{"line":99,"column":118}},"type":"cond-expr","locations":[{"start":{"line":99,"column":71},"end":{"line":99,"column":87}},{"start":{"line":99,"column":87},"end":{"line":99,"column":118}}],"line":99},"10":{"loc":{"start":{"line":104,"column":7},"end":{"line":104,"column":null}},"type":"cond-expr","locations":[{"start":{"line":104,"column":35},"end":{"line":104,"column":55}},{"start":{"line":104,"column":55},"end":{"line":104,"column":null}}],"line":104},"11":{"loc":{"start":{"line":104,"column":55},"end":{"line":104,"column":null}},"type":"cond-expr","locations":[{"start":{"line":104,"column":81},"end":{"line":104,"column":97}},{"start":{"line":104,"column":97},"end":{"line":104,"column":null}}],"line":104},"12":{"loc":{"start":{"line":104,"column":97},"end":{"line":104,"column":null}},"type":"cond-expr","locations":[{"start":{"line":104,"column":127},"end":{"line":104,"column":147}},{"start":{"line":104,"column":147},"end":{"line":104,"column":null}}],"line":104}},"s":{"0":2,"1":2,"2":2,"3":2,"4":2,"5":2,"6":2,"7":2,"8":1,"9":1,"10":1,"11":1,"12":0,"13":1,"14":0,"15":1,"16":1,"17":1,"18":1,"19":1,"20":2,"21":0,"22":0,"23":0,"24":2,"25":2,"26":2,"27":0,"28":0,"29":0,"30":1,"31":0},"f":{"0":2,"1":2,"2":2,"3":2,"4":0,"5":2,"6":0,"7":0,"8":0,"9":1,"10":0},"b":{"0":[1,1],"1":[1,0],"2":[0,1],"3":[0,1],"4":[1,0],"5":[1,0],"6":[2,0],"7":[0,2],"8":[0,2],"9":[0,2],"10":[2,0],"11":[0,0],"12":[0,0]},"meta":{"lastBranch":13,"lastFunction":11,"lastStatement":32,"seen":{"f:11:16:11:22":0,"s:12:81:12:Infinity":0,"s:14:2:17:Infinity":1,"f:14:12:14:18":1,"s:15:21:15:Infinity":2,"s:16:4:16:Infinity":3,"f:16:11:16:17":2,"s:16:17:16:Infinity":4,"s:19:2:74:Infinity":5,"f:19:12:19:18":3,"s:20:23:20:Infinity":6,"b:21:4:40:Infinity:undefined:undefined:undefined:undefined":0,"s:21:4:40:Infinity":7,"s:22:20:22:Infinity":8,"b:24:6:26:Infinity:undefined:undefined:undefined:undefined":1,"s:24:6:26:Infinity":9,"s:25:8:25:Infinity":10,"b:27:6:29:Infinity:undefined:undefined:undefined:undefined":2,"s:27:6:29:Infinity":11,"s:28:8:28:Infinity":12,"b:30:6:32:Infinity:undefined:undefined:undefined:undefined":3,"s:30:6:32:Infinity":13,"s:31:8:31:Infinity":14,"b:33:6:35:Infinity:undefined:undefined:undefined:undefined":4,"s:33:6:35:Infinity":15,"s:34:8:34:Infinity":16,"b:36:6:38:Infinity:undefined:undefined:undefined:undefined":5,"s:36:6:38:Infinity":17,"s:37:8:37:Infinity":18,"s:39:6:39:Infinity":19,"s:42:21:71:Infinity":20,"f:42:33:42:39":4,"s:43:20:43:Infinity":21,"s:44:26:69:Infinity":22,"s:70:6:70:Infinity":23,"s:73:4:73:Infinity":24,"f:73:11:73:17":5,"s:73:17:73:Infinity":25,"s:76:2:130:Infinity":26,"f:80:19:80:25":6,"s:80:25:80:Infinity":27,"b:81:70:81:86:81:86:81:117":6,"f:86:19:86:25":7,"s:86:25:86:Infinity":28,"b:87:68:87:84:87:84:87:115":7,"f:92:19:92:25":8,"s:92:25:92:Infinity":29,"b:93:72:93:88:93:88:93:119":8,"f:98:19:98:25":9,"s:98:25:98:Infinity":30,"b:99:71:99:87:99:87:99:118":9,"b:104:35:104:55:104:55:104:Infinity":10,"b:104:81:104:97:104:97:104:Infinity":11,"b:104:127:104:147:104:147:104:Infinity":12,"f:107:27:107:28":10,"s:108:10:110:Infinity":31}}}
,"/home/barro/code/barro/ai-game/src/ContractsView.tsx": {"path":"/home/barro/code/barro/ai-game/src/ContractsView.tsx","statementMap":{"0":{"start":{"line":15,"column":2},"end":{"line":15,"column":null}},"1":{"start":{"line":17,"column":2},"end":{"line":19,"column":null}},"2":{"start":{"line":18,"column":4},"end":{"line":18,"column":null}},"3":{"start":{"line":21,"column":25},"end":{"line":92,"column":null}},"4":{"start":{"line":22,"column":22},"end":{"line":22,"column":null}},"5":{"start":{"line":24,"column":4},"end":{"line":90,"column":null}},"6":{"start":{"line":63,"column":29},"end":{"line":63,"column":null}},"7":{"start":{"line":83,"column":28},"end":{"line":83,"column":null}},"8":{"start":{"line":94,"column":2},"end":{"line":133,"column":null}},"9":{"start":{"line":98,"column":10},"end":{"line":108,"column":null}},"10":{"start":{"line":129,"column":41},"end":{"line":129,"column":64}}},"fnMap":{"0":{"name":"ContractsView","decl":{"start":{"line":5,"column":16},"end":{"line":5,"column":32}},"loc":{"start":{"line":5,"column":32},"end":{"line":135,"column":null}},"line":5},"1":{"name":"(anonymous_1)","decl":{"start":{"line":17,"column":12},"end":{"line":17,"column":18}},"loc":{"start":{"line":17,"column":18},"end":{"line":19,"column":5}},"line":17},"2":{"name":"(anonymous_2)","decl":{"start":{"line":21,"column":25},"end":{"line":21,"column":26}},"loc":{"start":{"line":21,"column":71},"end":{"line":92,"column":null}},"line":21},"3":{"name":"(anonymous_3)","decl":{"start":{"line":63,"column":23},"end":{"line":63,"column":29}},"loc":{"start":{"line":63,"column":29},"end":{"line":63,"column":null}},"line":63},"4":{"name":"(anonymous_4)","decl":{"start":{"line":83,"column":22},"end":{"line":83,"column":28}},"loc":{"start":{"line":83,"column":28},"end":{"line":83,"column":null}},"line":83},"5":{"name":"(anonymous_5)","decl":{"start":{"line":97,"column":23},"end":{"line":97,"column":null}},"loc":{"start":{"line":98,"column":10},"end":{"line":108,"column":null}},"line":98},"6":{"name":"(anonymous_6)","decl":{"start":{"line":129,"column":36},"end":{"line":129,"column":41}},"loc":{"start":{"line":129,"column":41},"end":{"line":129,"column":64}},"line":129}},"branchMap":{"0":{"loc":{"start":{"line":22,"column":22},"end":{"line":22,"column":null}},"type":"binary-expr","locations":[{"start":{"line":22,"column":22},"end":{"line":22,"column":57}},{"start":{"line":22,"column":57},"end":{"line":22,"column":null}}],"line":22},"1":{"loc":{"start":{"line":25,"column":105},"end":{"line":25,"column":198}},"type":"cond-expr","locations":[{"start":{"line":25,"column":136},"end":{"line":25,"column":169}},{"start":{"line":25,"column":169},"end":{"line":25,"column":198}}],"line":25},"2":{"loc":{"start":{"line":31,"column":11},"end":{"line":31,"column":null}},"type":"binary-expr","locations":[{"start":{"line":31,"column":11},"end":{"line":31,"column":43}},{"start":{"line":31,"column":43},"end":{"line":31,"column":null}}],"line":31},"3":{"loc":{"start":{"line":32,"column":11},"end":{"line":32,"column":null}},"type":"binary-expr","locations":[{"start":{"line":32,"column":11},"end":{"line":32,"column":43}},{"start":{"line":32,"column":43},"end":{"line":32,"column":null}}],"line":32},"4":{"loc":{"start":{"line":42,"column":11},"end":{"line":45,"column":null}},"type":"binary-expr","locations":[{"start":{"line":42,"column":11},"end":{"line":42,"column":null}},{"start":{"line":43,"column":12},"end":{"line":45,"column":null}}],"line":42},"5":{"loc":{"start":{"line":43,"column":55},"end":{"line":43,"column":166}},"type":"cond-expr","locations":[{"start":{"line":43,"column":147},"end":{"line":43,"column":164}},{"start":{"line":43,"column":164},"end":{"line":43,"column":166}}],"line":43},"6":{"loc":{"start":{"line":43,"column":55},"end":{"line":43,"column":147}},"type":"binary-expr","locations":[{"start":{"line":43,"column":55},"end":{"line":43,"column":87}},{"start":{"line":43,"column":87},"end":{"line":43,"column":147}}],"line":43},"7":{"loc":{"start":{"line":44,"column":27},"end":{"line":44,"column":null}},"type":"cond-expr","locations":[{"start":{"line":44,"column":58},"end":{"line":44,"column":123}},{"start":{"line":44,"column":123},"end":{"line":44,"column":null}}],"line":44},"8":{"loc":{"start":{"line":47,"column":11},"end":{"line":50,"column":null}},"type":"binary-expr","locations":[{"start":{"line":47,"column":11},"end":{"line":47,"column":null}},{"start":{"line":48,"column":12},"end":{"line":50,"column":null}}],"line":47},"9":{"loc":{"start":{"line":48,"column":55},"end":{"line":48,"column":161}},"type":"cond-expr","locations":[{"start":{"line":48,"column":142},"end":{"line":48,"column":159}},{"start":{"line":48,"column":159},"end":{"line":48,"column":161}}],"line":48},"10":{"loc":{"start":{"line":48,"column":55},"end":{"line":48,"column":142}},"type":"binary-expr","locations":[{"start":{"line":48,"column":55},"end":{"line":48,"column":87}},{"start":{"line":48,"column":87},"end":{"line":48,"column":142}}],"line":48},"11":{"loc":{"start":{"line":49,"column":26},"end":{"line":49,"column":null}},"type":"cond-expr","locations":[{"start":{"line":49,"column":57},"end":{"line":49,"column":128}},{"start":{"line":49,"column":128},"end":{"line":49,"column":null}}],"line":49},"12":{"loc":{"start":{"line":61,"column":11},"end":{"line":68,"column":null}},"type":"binary-expr","locations":[{"start":{"line":61,"column":11},"end":{"line":61,"column":null}},{"start":{"line":62,"column":12},"end":{"line":68,"column":null}}],"line":61},"13":{"loc":{"start":{"line":71,"column":11},"end":{"line":78,"column":null}},"type":"binary-expr","locations":[{"start":{"line":71,"column":11},"end":{"line":71,"column":null}},{"start":{"line":72,"column":12},"end":{"line":78,"column":null}}],"line":71},"14":{"loc":{"start":{"line":81,"column":11},"end":{"line":87,"column":null}},"type":"binary-expr","locations":[{"start":{"line":81,"column":11},"end":{"line":81,"column":null}},{"start":{"line":82,"column":13},"end":{"line":87,"column":null}}],"line":81},"15":{"loc":{"start":{"line":117,"column":11},"end":{"line":120,"column":null}},"type":"cond-expr","locations":[{"start":{"line":117,"column":28},"end":{"line":117,"column":null}},{"start":{"line":118,"column":12},"end":{"line":120,"column":null}}],"line":117}},"s":{"0":2,"1":2,"2":2,"3":2,"4":1,"5":1,"6":1,"7":0,"8":2,"9":1,"10":1},"f":{"0":2,"1":2,"2":1,"3":1,"4":0,"5":1,"6":1},"b":{"0":[1,0],"1":[0,1],"2":[1,0],"3":[1,0],"4":[1,0],"5":[0,0],"6":[0,0],"7":[0,0],"8":[1,1],"9":[0,1],"10":[1,0],"11":[0,1],"12":[1,1],"13":[1,0],"14":[1,0],"15":[0,2]},"meta":{"lastBranch":16,"lastFunction":7,"lastStatement":11,"seen":{"f:5:16:5:32":0,"s:15:2:15:Infinity":0,"s:17:2:19:Infinity":1,"f:17:12:17:18":1,"s:18:4:18:Infinity":2,"s:21:25:92:Infinity":3,"f:21:25:21:26":2,"s:22:22:22:Infinity":4,"b:22:22:22:57:22:57:22:Infinity":0,"s:24:4:90:Infinity":5,"b:25:136:25:169:25:169:25:198":1,"b:31:11:31:43:31:43:31:Infinity":2,"b:32:11:32:43:32:43:32:Infinity":3,"b:42:11:42:Infinity:43:12:45:Infinity":4,"b:43:147:43:164:43:164:43:166":5,"b:43:55:43:87:43:87:43:147":6,"b:44:58:44:123:44:123:44:Infinity":7,"b:47:11:47:Infinity:48:12:50:Infinity":8,"b:48:142:48:159:48:159:48:161":9,"b:48:55:48:87:48:87:48:142":10,"b:49:57:49:128:49:128:49:Infinity":11,"b:61:11:61:Infinity:62:12:68:Infinity":12,"f:63:23:63:29":3,"s:63:29:63:Infinity":6,"b:71:11:71:Infinity:72:12:78:Infinity":13,"b:81:11:81:Infinity:82:13:87:Infinity":14,"f:83:22:83:28":4,"s:83:28:83:Infinity":7,"s:94:2:133:Infinity":8,"f:97:23:97:Infinity":5,"s:98:10:108:Infinity":9,"b:117:28:117:Infinity:118:12:120:Infinity":15,"f:129:36:129:41":6,"s:129:41:129:64":10}}}
,"/home/barro/code/barro/ai-game/src/OrbitView.tsx": {"path":"/home/barro/code/barro/ai-game/src/OrbitView.tsx","statementMap":{"0":{"start":{"line":5,"column":59},"end":{"line":5,"column":null}},"1":{"start":{"line":7,"column":20},"end":{"line":7,"column":null}},"2":{"start":{"line":8,"column":22},"end":{"line":8,"column":null}},"3":{"start":{"line":10,"column":2},"end":{"line":72,"column":null}},"4":{"start":{"line":20,"column":25},"end":{"line":20,"column":null}},"5":{"start":{"line":21,"column":25},"end":{"line":21,"column":null}},"6":{"start":{"line":22,"column":20},"end":{"line":22,"column":null}},"7":{"start":{"line":23,"column":20},"end":{"line":23,"column":null}},"8":{"start":{"line":25,"column":10},"end":{"line":39,"column":null}},"9":{"start":{"line":49,"column":25},"end":{"line":49,"column":null}},"10":{"start":{"line":59,"column":25},"end":{"line":59,"column":null}}},"fnMap":{"0":{"name":"OrbitView","decl":{"start":{"line":4,"column":16},"end":{"line":4,"column":28}},"loc":{"start":{"line":4,"column":28},"end":{"line":74,"column":null}},"line":4},"1":{"name":"(anonymous_1)","decl":{"start":{"line":19,"column":27},"end":{"line":19,"column":28}},"loc":{"start":{"line":19,"column":47},"end":{"line":41,"column":9}},"line":19},"2":{"name":"(anonymous_2)","decl":{"start":{"line":49,"column":19},"end":{"line":49,"column":25}},"loc":{"start":{"line":49,"column":25},"end":{"line":49,"column":null}},"line":49},"3":{"name":"(anonymous_3)","decl":{"start":{"line":59,"column":19},"end":{"line":59,"column":25}},"loc":{"start":{"line":59,"column":25},"end":{"line":59,"column":null}},"line":59}},"branchMap":{"0":{"loc":{"start":{"line":33,"column":59},"end":{"line":33,"column":152}},"type":"cond-expr","locations":[{"start":{"line":33,"column":89},"end":{"line":33,"column":121}},{"start":{"line":33,"column":121},"end":{"line":33,"column":152}}],"line":33},"1":{"loc":{"start":{"line":34,"column":17},"end":{"line":34,"column":null}},"type":"cond-expr","locations":[{"start":{"line":34,"column":47},"end":{"line":34,"column":86}},{"start":{"line":34,"column":86},"end":{"line":34,"column":null}}],"line":34},"2":{"loc":{"start":{"line":50,"column":114},"end":{"line":50,"column":227}},"type":"cond-expr","locations":[{"start":{"line":50,"column":161},"end":{"line":50,"column":199}},{"start":{"line":50,"column":199},"end":{"line":50,"column":227}}],"line":50},"3":{"loc":{"start":{"line":50,"column":114},"end":{"line":50,"column":161}},"type":"binary-expr","locations":[{"start":{"line":50,"column":114},"end":{"line":50,"column":136}},{"start":{"line":50,"column":136},"end":{"line":50,"column":161}}],"line":50},"4":{"loc":{"start":{"line":60,"column":114},"end":{"line":60,"column":229}},"type":"cond-expr","locations":[{"start":{"line":60,"column":161},"end":{"line":60,"column":201}},{"start":{"line":60,"column":201},"end":{"line":60,"column":229}}],"line":60},"5":{"loc":{"start":{"line":60,"column":114},"end":{"line":60,"column":161}},"type":"binary-expr","locations":[{"start":{"line":60,"column":114},"end":{"line":60,"column":136}},{"start":{"line":60,"column":136},"end":{"line":60,"column":161}}],"line":60}},"s":{"0":3,"1":3,"2":3,"3":3,"4":2,"5":2,"6":2,"7":2,"8":2,"9":1,"10":1},"f":{"0":3,"1":2,"2":1,"3":1},"b":{"0":[1,1],"1":[1,1],"2":[0,3],"3":[3,0],"4":[0,3],"5":[3,0]},"meta":{"lastBranch":6,"lastFunction":4,"lastStatement":11,"seen":{"f:4:16:4:28":0,"s:5:59:5:Infinity":0,"s:7:20:7:Infinity":1,"s:8:22:8:Infinity":2,"s:10:2:72:Infinity":3,"f:19:27:19:28":1,"s:20:25:20:Infinity":4,"s:21:25:21:Infinity":5,"s:22:20:22:Infinity":6,"s:23:20:23:Infinity":7,"s:25:10:39:Infinity":8,"b:33:89:33:121:33:121:33:152":0,"b:34:47:34:86:34:86:34:Infinity":1,"f:49:19:49:25":2,"s:49:25:49:Infinity":9,"b:50:161:50:199:50:199:50:227":2,"b:50:114:50:136:50:136:50:161":3,"f:59:19:59:25":3,"s:59:25:59:Infinity":10,"b:60:161:60:201:60:201:60:229":4,"b:60:114:60:136:60:136:60:161":5}}}
,"/home/barro/code/barro/ai-game/src/ResearchTreeView.tsx": {"path":"/home/barro/code/barro/ai-game/src/ResearchTreeView.tsx","statementMap":{"0":{"start":{"line":5,"column":19},"end":{"line":12,"column":null}},"1":{"start":{"line":6,"column":2},"end":{"line":11,"column":null}},"2":{"start":{"line":7,"column":23},"end":{"line":7,"column":null}},"3":{"start":{"line":8,"column":27},"end":{"line":8,"column":null}},"4":{"start":{"line":9,"column":23},"end":{"line":9,"column":null}},"5":{"start":{"line":10,"column":20},"end":{"line":10,"column":null}},"6":{"start":{"line":15,"column":47},"end":{"line":15,"column":null}},"7":{"start":{"line":17,"column":37},"end":{"line":17,"column":null}},"8":{"start":{"line":19,"column":21},"end":{"line":19,"column":null}},"9":{"start":{"line":19,"column":37},"end":{"line":19,"column":null}},"10":{"start":{"line":20,"column":20},"end":{"line":24,"column":null}},"11":{"start":{"line":21,"column":4},"end":{"line":21,"column":null}},"12":{"start":{"line":21,"column":29},"end":{"line":21,"column":null}},"13":{"start":{"line":22,"column":4},"end":{"line":22,"column":null}},"14":{"start":{"line":22,"column":36},"end":{"line":22,"column":null}},"15":{"start":{"line":23,"column":4},"end":{"line":23,"column":null}},"16":{"start":{"line":23,"column":53},"end":{"line":23,"column":68}},"17":{"start":{"line":26,"column":2},"end":{"line":75,"column":null}},"18":{"start":{"line":30,"column":10},"end":{"line":72,"column":null}},"19":{"start":{"line":36,"column":32},"end":{"line":36,"column":54}},"20":{"start":{"line":38,"column":35},"end":{"line":38,"column":null}},"21":{"start":{"line":39,"column":36},"end":{"line":39,"column":null}},"22":{"start":{"line":41,"column":18},"end":{"line":68,"column":null}},"23":{"start":{"line":44,"column":37},"end":{"line":44,"column":null}}},"fnMap":{"0":{"name":"(anonymous_0)","decl":{"start":{"line":5,"column":19},"end":{"line":5,"column":20}},"loc":{"start":{"line":5,"column":63},"end":{"line":12,"column":null}},"line":5},"1":{"name":"ResearchTreeView","decl":{"start":{"line":14,"column":16},"end":{"line":14,"column":35}},"loc":{"start":{"line":14,"column":35},"end":{"line":77,"column":null}},"line":14},"2":{"name":"(anonymous_2)","decl":{"start":{"line":19,"column":21},"end":{"line":19,"column":22}},"loc":{"start":{"line":19,"column":37},"end":{"line":19,"column":null}},"line":19},"3":{"name":"(anonymous_3)","decl":{"start":{"line":20,"column":20},"end":{"line":20,"column":21}},"loc":{"start":{"line":20,"column":35},"end":{"line":24,"column":null}},"line":20},"4":{"name":"(anonymous_4)","decl":{"start":{"line":23,"column":36},"end":{"line":23,"column":37}},"loc":{"start":{"line":23,"column":53},"end":{"line":23,"column":68}},"line":23},"5":{"name":"(anonymous_5)","decl":{"start":{"line":29,"column":22},"end":{"line":29,"column":null}},"loc":{"start":{"line":30,"column":10},"end":{"line":72,"column":null}},"line":30},"6":{"name":"(anonymous_6)","decl":{"start":{"line":36,"column":24},"end":{"line":36,"column":32}},"loc":{"start":{"line":36,"column":32},"end":{"line":36,"column":54}},"line":36},"7":{"name":"(anonymous_7)","decl":{"start":{"line":37,"column":21},"end":{"line":37,"column":29}},"loc":{"start":{"line":37,"column":29},"end":{"line":70,"column":17}},"line":37},"8":{"name":"(anonymous_8)","decl":{"start":{"line":44,"column":31},"end":{"line":44,"column":37}},"loc":{"start":{"line":44,"column":37},"end":{"line":44,"column":null}},"line":44}},"branchMap":{"0":{"loc":{"start":{"line":6,"column":2},"end":{"line":11,"column":null}},"type":"switch","locations":[{"start":{"line":7,"column":4},"end":{"line":7,"column":null}},{"start":{"line":8,"column":4},"end":{"line":8,"column":null}},{"start":{"line":9,"column":4},"end":{"line":9,"column":null}},{"start":{"line":10,"column":4},"end":{"line":10,"column":null}}],"line":6},"1":{"loc":{"start":{"line":21,"column":4},"end":{"line":21,"column":null}},"type":"if","locations":[{"start":{"line":21,"column":4},"end":{"line":21,"column":null}},{"start":{},"end":{}}],"line":21},"2":{"loc":{"start":{"line":22,"column":4},"end":{"line":22,"column":null}},"type":"if","locations":[{"start":{"line":22,"column":4},"end":{"line":22,"column":null}},{"start":{},"end":{}}],"line":22},"3":{"loc":{"start":{"line":44,"column":37},"end":{"line":44,"column":null}},"type":"binary-expr","locations":[{"start":{"line":44,"column":37},"end":{"line":44,"column":50}},{"start":{"line":44,"column":50},"end":{"line":44,"column":null}}],"line":44},"4":{"loc":{"start":{"line":48,"column":26},"end":{"line":50,"column":66}},"type":"cond-expr","locations":[{"start":{"line":48,"column":37},"end":{"line":48,"column":null}},{"start":{"line":49,"column":26},"end":{"line":50,"column":66}}],"line":48},"5":{"loc":{"start":{"line":49,"column":26},"end":{"line":50,"column":66}},"type":"cond-expr","locations":[{"start":{"line":49,"column":38},"end":{"line":49,"column":null}},{"start":{"line":50,"column":26},"end":{"line":50,"column":66}}],"line":49},"6":{"loc":{"start":{"line":55,"column":25},"end":{"line":55,"column":null}},"type":"cond-expr","locations":[{"start":{"line":55,"column":36},"end":{"line":55,"column":83}},{"start":{"line":55,"column":83},"end":{"line":55,"column":null}}],"line":55},"7":{"loc":{"start":{"line":55,"column":83},"end":{"line":55,"column":null}},"type":"cond-expr","locations":[{"start":{"line":55,"column":96},"end":{"line":55,"column":143}},{"start":{"line":55,"column":143},"end":{"line":55,"column":null}}],"line":55},"8":{"loc":{"start":{"line":62,"column":25},"end":{"line":65,"column":null}},"type":"binary-expr","locations":[{"start":{"line":62,"column":25},"end":{"line":62,"column":null}},{"start":{"line":63,"column":26},"end":{"line":65,"column":null}}],"line":62}},"s":{"0":2,"1":20,"2":5,"3":5,"4":5,"5":5,"6":5,"7":5,"8":5,"9":152,"10":5,"11":60,"12":1,"13":59,"14":12,"15":47,"16":32,"17":5,"18":20,"19":240,"20":60,"21":60,"22":60,"23":3},"f":{"0":20,"1":5,"2":152,"3":60,"4":32,"5":20,"6":240,"7":60,"8":3},"b":{"0":[5,5,5,5],"1":[1,59],"2":[12,47],"3":[3,1],"4":[1,59],"5":[16,43],"6":[1,59],"7":[43,16],"8":[60,40]},"meta":{"lastBranch":9,"lastFunction":9,"lastStatement":24,"seen":{"s:5:19:12:Infinity":0,"f:5:19:5:20":0,"b:7:4:7:Infinity:8:4:8:Infinity:9:4:9:Infinity:10:4:10:Infinity":0,"s:6:2:11:Infinity":1,"s:7:23:7:Infinity":2,"s:8:27:8:Infinity":3,"s:9:23:9:Infinity":4,"s:10:20:10:Infinity":5,"f:14:16:14:35":1,"s:15:47:15:Infinity":6,"s:17:37:17:Infinity":7,"s:19:21:19:Infinity":8,"f:19:21:19:22":2,"s:19:37:19:Infinity":9,"s:20:20:24:Infinity":10,"f:20:20:20:21":3,"b:21:4:21:Infinity:undefined:undefined:undefined:undefined":1,"s:21:4:21:Infinity":11,"s:21:29:21:Infinity":12,"b:22:4:22:Infinity:undefined:undefined:undefined:undefined":2,"s:22:4:22:Infinity":13,"s:22:36:22:Infinity":14,"s:23:4:23:Infinity":15,"f:23:36:23:37":4,"s:23:53:23:68":16,"s:26:2:75:Infinity":17,"f:29:22:29:Infinity":5,"s:30:10:72:Infinity":18,"f:36:24:36:32":6,"s:36:32:36:54":19,"f:37:21:37:29":7,"s:38:35:38:Infinity":20,"s:39:36:39:Infinity":21,"s:41:18:68:Infinity":22,"f:44:31:44:37":8,"s:44:37:44:Infinity":23,"b:44:37:44:50:44:50:44:Infinity":3,"b:48:37:48:Infinity:49:26:50:66":4,"b:49:38:49:Infinity:50:26:50:66":5,"b:55:36:55:83:55:83:55:Infinity":6,"b:55:96:55:143:55:143:55:Infinity":7,"b:62:25:62:Infinity:63:26:65:Infinity":8}}}
,"/home/barro/code/barro/ai-game/src/researchTree.ts": {"path":"/home/barro/code/barro/ai-game/src/researchTree.ts","statementMap":{"0":{"start":{"line":18,"column":44},"end":{"line":134,"column":null}}},"fnMap":{},"branchMap":{},"s":{"0":5},"f":{},"b":{},"meta":{"lastBranch":0,"lastFunction":0,"lastStatement":1,"seen":{"s:18:44:134:Infinity":0}}}
,"/home/barro/code/barro/ai-game/src/useGameStore.ts": {"path":"/home/barro/code/barro/ai-game/src/useGameStore.ts","statementMap":{"0":{"start":{"line":87,"column":13},"end":{"line":426,"column":null}},"1":{"start":{"line":87,"column":61},"end":{"line":426,"column":2}},"2":{"start":{"line":123,"column":14},"end":{"line":202,"column":null}},"3":{"start":{"line":124,"column":28},"end":{"line":124,"column":null}},"4":{"start":{"line":124,"column":54},"end":{"line":124,"column":64}},"5":{"start":{"line":124,"column":75},"end":{"line":124,"column":80}},"6":{"start":{"line":124,"column":95},"end":{"line":124,"column":132}},"7":{"start":{"line":126,"column":27},"end":{"line":126,"column":null}},"8":{"start":{"line":127,"column":24},"end":{"line":127,"column":null}},"9":{"start":{"line":128,"column":29},"end":{"line":128,"column":null}},"10":{"start":{"line":129,"column":31},"end":{"line":129,"column":null}},"11":{"start":{"line":130,"column":28},"end":{"line":130,"column":null}},"12":{"start":{"line":132,"column":30},"end":{"line":132,"column":null}},"13":{"start":{"line":133,"column":37},"end":{"line":133,"column":null}},"14":{"start":{"line":136,"column":4},"end":{"line":155,"column":null}},"15":{"start":{"line":137,"column":6},"end":{"line":154,"column":null}},"16":{"start":{"line":138,"column":8},"end":{"line":138,"column":null}},"17":{"start":{"line":141,"column":8},"end":{"line":153,"column":null}},"18":{"start":{"line":142,"column":10},"end":{"line":142,"column":null}},"19":{"start":{"line":144,"column":10},"end":{"line":150,"column":null}},"20":{"start":{"line":145,"column":12},"end":{"line":145,"column":null}},"21":{"start":{"line":146,"column":12},"end":{"line":149,"column":null}},"22":{"start":{"line":147,"column":14},"end":{"line":147,"column":null}},"23":{"start":{"line":148,"column":14},"end":{"line":148,"column":null}},"24":{"start":{"line":152,"column":10},"end":{"line":152,"column":null}},"25":{"start":{"line":157,"column":20},"end":{"line":157,"column":null}},"26":{"start":{"line":158,"column":18},"end":{"line":158,"column":null}},"27":{"start":{"line":159,"column":28},"end":{"line":159,"column":null}},"28":{"start":{"line":162,"column":4},"end":{"line":169,"column":null}},"29":{"start":{"line":162,"column":17},"end":{"line":162,"column":20}},"30":{"start":{"line":163,"column":6},"end":{"line":168,"column":null}},"31":{"start":{"line":164,"column":8},"end":{"line":164,"column":null}},"32":{"start":{"line":166,"column":34},"end":{"line":166,"column":null}},"33":{"start":{"line":167,"column":8},"end":{"line":167,"column":null}},"34":{"start":{"line":172,"column":4},"end":{"line":180,"column":null}},"35":{"start":{"line":173,"column":6},"end":{"line":179,"column":null}},"36":{"start":{"line":174,"column":8},"end":{"line":178,"column":null}},"37":{"start":{"line":175,"column":10},"end":{"line":175,"column":null}},"38":{"start":{"line":176,"column":8},"end":{"line":178,"column":null}},"39":{"start":{"line":177,"column":10},"end":{"line":177,"column":null}},"40":{"start":{"line":182,"column":4},"end":{"line":190,"column":null}},"41":{"start":{"line":183,"column":6},"end":{"line":189,"column":null}},"42":{"start":{"line":184,"column":8},"end":{"line":184,"column":null}},"43":{"start":{"line":185,"column":8},"end":{"line":188,"column":null}},"44":{"start":{"line":186,"column":10},"end":{"line":186,"column":null}},"45":{"start":{"line":187,"column":10},"end":{"line":187,"column":null}},"46":{"start":{"line":192,"column":23},"end":{"line":192,"column":null}},"47":{"start":{"line":194,"column":4},"end":{"line":201,"column":null}},"48":{"start":{"line":204,"column":4},"end":{"line":233,"column":null}},"49":{"start":{"line":205,"column":32},"end":{"line":205,"column":null}},"50":{"start":{"line":206,"column":25},"end":{"line":206,"column":null}},"51":{"start":{"line":207,"column":34},"end":{"line":207,"column":null}},"52":{"start":{"line":207,"column":60},"end":{"line":207,"column":70}},"53":{"start":{"line":209,"column":6},"end":{"line":231,"column":null}},"54":{"start":{"line":210,"column":25},"end":{"line":210,"column":null}},"55":{"start":{"line":211,"column":34},"end":{"line":211,"column":null}},"56":{"start":{"line":212,"column":8},"end":{"line":230,"column":null}},"57":{"start":{"line":213,"column":29},"end":{"line":213,"column":null}},"58":{"start":{"line":214,"column":28},"end":{"line":214,"column":null}},"59":{"start":{"line":217,"column":33},"end":{"line":217,"column":null}},"60":{"start":{"line":217,"column":59},"end":{"line":217,"column":69}},"61":{"start":{"line":218,"column":10},"end":{"line":223,"column":null}},"62":{"start":{"line":219,"column":12},"end":{"line":219,"column":null}},"63":{"start":{"line":222,"column":12},"end":{"line":222,"column":null}},"64":{"start":{"line":225,"column":10},"end":{"line":229,"column":null}},"65":{"start":{"line":232,"column":6},"end":{"line":232,"column":null}},"66":{"start":{"line":235,"column":4},"end":{"line":241,"column":null}},"67":{"start":{"line":236,"column":35},"end":{"line":236,"column":null}},"68":{"start":{"line":237,"column":6},"end":{"line":239,"column":null}},"69":{"start":{"line":238,"column":8},"end":{"line":238,"column":null}},"70":{"start":{"line":240,"column":6},"end":{"line":240,"column":null}},"71":{"start":{"line":242,"column":53},"end":{"line":259,"column":null}},"72":{"start":{"line":243,"column":35},"end":{"line":243,"column":null}},"73":{"start":{"line":244,"column":22},"end":{"line":244,"column":null}},"74":{"start":{"line":245,"column":24},"end":{"line":245,"column":null}},"75":{"start":{"line":246,"column":4},"end":{"line":257,"column":null}},"76":{"start":{"line":247,"column":6},"end":{"line":256,"column":null}},"77":{"start":{"line":258,"column":4},"end":{"line":258,"column":null}},"78":{"start":{"line":261,"column":4},"end":{"line":271,"column":null}},"79":{"start":{"line":262,"column":23},"end":{"line":262,"column":null}},"80":{"start":{"line":263,"column":38},"end":{"line":263,"column":null}},"81":{"start":{"line":264,"column":6},"end":{"line":269,"column":null}},"82":{"start":{"line":265,"column":8},"end":{"line":268,"column":null}},"83":{"start":{"line":270,"column":6},"end":{"line":270,"column":null}},"84":{"start":{"line":273,"column":4},"end":{"line":276,"column":null}},"85":{"start":{"line":274,"column":28},"end":{"line":274,"column":null}},"86":{"start":{"line":274,"column":60},"end":{"line":274,"column":145}},"87":{"start":{"line":275,"column":6},"end":{"line":275,"column":null}},"88":{"start":{"line":278,"column":4},"end":{"line":300,"column":null}},"89":{"start":{"line":279,"column":25},"end":{"line":279,"column":null}},"90":{"start":{"line":280,"column":26},"end":{"line":280,"column":null}},"91":{"start":{"line":280,"column":52},"end":{"line":280,"column":83}},"92":{"start":{"line":281,"column":6},"end":{"line":283,"column":null}},"93":{"start":{"line":282,"column":8},"end":{"line":282,"column":null}},"94":{"start":{"line":285,"column":30},"end":{"line":285,"column":null}},"95":{"start":{"line":286,"column":6},"end":{"line":292,"column":null}},"96":{"start":{"line":287,"column":8},"end":{"line":287,"column":null}},"97":{"start":{"line":288,"column":8},"end":{"line":291,"column":null}},"98":{"start":{"line":289,"column":10},"end":{"line":289,"column":null}},"99":{"start":{"line":290,"column":10},"end":{"line":290,"column":null}},"100":{"start":{"line":294,"column":6},"end":{"line":299,"column":null}},"101":{"start":{"line":295,"column":64},"end":{"line":295,"column":79}},"102":{"start":{"line":302,"column":18},"end":{"line":302,"column":null}},"103":{"start":{"line":303,"column":4},"end":{"line":303,"column":null}},"104":{"start":{"line":306,"column":18},"end":{"line":306,"column":null}},"105":{"start":{"line":307,"column":24},"end":{"line":309,"column":null}},"106":{"start":{"line":308,"column":22},"end":{"line":308,"column":90}},"107":{"start":{"line":309,"column":19},"end":{"line":309,"column":36}},"108":{"start":{"line":311,"column":4},"end":{"line":311,"column":null}},"109":{"start":{"line":311,"column":34},"end":{"line":311,"column":null}},"110":{"start":{"line":315,"column":4},"end":{"line":319,"column":null}},"111":{"start":{"line":316,"column":6},"end":{"line":316,"column":null}},"112":{"start":{"line":316,"column":46},"end":{"line":316,"column":57}},"113":{"start":{"line":318,"column":6},"end":{"line":318,"column":null}},"114":{"start":{"line":318,"column":46},"end":{"line":318,"column":57}},"115":{"start":{"line":321,"column":56},"end":{"line":321,"column":null}},"116":{"start":{"line":322,"column":40},"end":{"line":322,"column":null}},"117":{"start":{"line":322,"column":54},"end":{"line":322,"column":119}},"118":{"start":{"line":323,"column":27},"end":{"line":356,"column":null}},"119":{"start":{"line":324,"column":4},"end":{"line":324,"column":null}},"120":{"start":{"line":324,"column":46},"end":{"line":324,"column":null}},"121":{"start":{"line":326,"column":37},"end":{"line":326,"column":null}},"122":{"start":{"line":327,"column":28},"end":{"line":327,"column":null}},"123":{"start":{"line":329,"column":4},"end":{"line":353,"column":null}},"124":{"start":{"line":330,"column":27},"end":{"line":330,"column":null}},"125":{"start":{"line":331,"column":22},"end":{"line":331,"column":null}},"126":{"start":{"line":333,"column":25},"end":{"line":333,"column":null}},"127":{"start":{"line":334,"column":24},"end":{"line":334,"column":null}},"128":{"start":{"line":335,"column":22},"end":{"line":335,"column":null}},"129":{"start":{"line":337,"column":6},"end":{"line":352,"column":null}},"130":{"start":{"line":355,"column":4},"end":{"line":355,"column":null}},"131":{"start":{"line":357,"column":42},"end":{"line":368,"column":null}},"132":{"start":{"line":358,"column":4},"end":{"line":358,"column":null}},"133":{"start":{"line":358,"column":30},"end":{"line":358,"column":null}},"134":{"start":{"line":360,"column":21},"end":{"line":360,"column":null}},"135":{"start":{"line":360,"column":56},"end":{"line":360,"column":75}},"136":{"start":{"line":361,"column":4},"end":{"line":361,"column":null}},"137":{"start":{"line":361,"column":19},"end":{"line":361,"column":null}},"138":{"start":{"line":363,"column":4},"end":{"line":367,"column":null}},"139":{"start":{"line":365,"column":63},"end":{"line":365,"column":82}},"140":{"start":{"line":369,"column":34},"end":{"line":404,"column":null}},"141":{"start":{"line":370,"column":21},"end":{"line":370,"column":null}},"142":{"start":{"line":371,"column":4},"end":{"line":371,"column":null}},"143":{"start":{"line":371,"column":51},"end":{"line":371,"column":null}},"144":{"start":{"line":373,"column":4},"end":{"line":402,"column":null}},"145":{"start":{"line":375,"column":22},"end":{"line":375,"column":null}},"146":{"start":{"line":375,"column":48},"end":{"line":375,"column":75}},"147":{"start":{"line":376,"column":6},"end":{"line":376,"column":null}},"148":{"start":{"line":376,"column":20},"end":{"line":376,"column":null}},"149":{"start":{"line":378,"column":28},"end":{"line":378,"column":null}},"150":{"start":{"line":379,"column":32},"end":{"line":379,"column":null}},"151":{"start":{"line":380,"column":21},"end":{"line":380,"column":null}},"152":{"start":{"line":381,"column":28},"end":{"line":381,"column":null}},"153":{"start":{"line":383,"column":6},"end":{"line":387,"column":null}},"154":{"start":{"line":384,"column":8},"end":{"line":384,"column":null}},"155":{"start":{"line":385,"column":8},"end":{"line":385,"column":null}},"156":{"start":{"line":386,"column":8},"end":{"line":386,"column":null}},"157":{"start":{"line":389,"column":27},"end":{"line":391,"column":null}},"158":{"start":{"line":390,"column":8},"end":{"line":390,"column":null}},"159":{"start":{"line":393,"column":6},"end":{"line":393,"column":null}},"160":{"start":{"line":395,"column":6},"end":{"line":401,"column":null}},"161":{"start":{"line":403,"column":4},"end":{"line":403,"column":null}},"162":{"start":{"line":405,"column":34},"end":{"line":425,"column":null}},"163":{"start":{"line":406,"column":17},"end":{"line":406,"column":null}},"164":{"start":{"line":406,"column":40},"end":{"line":406,"column":55}},"165":{"start":{"line":407,"column":4},"end":{"line":407,"column":null}},"166":{"start":{"line":407,"column":15},"end":{"line":407,"column":null}},"167":{"start":{"line":410,"column":4},"end":{"line":410,"column":null}},"168":{"start":{"line":410,"column":48},"end":{"line":410,"column":null}},"169":{"start":{"line":413,"column":23},"end":{"line":413,"column":null}},"170":{"start":{"line":413,"column":53},"end":{"line":413,"column":86}},"171":{"start":{"line":414,"column":4},"end":{"line":414,"column":null}},"172":{"start":{"line":414,"column":21},"end":{"line":414,"column":null}},"173":{"start":{"line":417,"column":4},"end":{"line":417,"column":null}},"174":{"start":{"line":417,"column":42},"end":{"line":417,"column":null}},"175":{"start":{"line":419,"column":4},"end":{"line":419,"column":null}},"176":{"start":{"line":421,"column":4},"end":{"line":424,"column":null}}},"fnMap":{"0":{"name":"(anonymous_0)","decl":{"start":{"line":87,"column":46},"end":{"line":87,"column":47}},"loc":{"start":{"line":87,"column":61},"end":{"line":426,"column":2}},"line":87},"1":{"name":"(anonymous_1)","decl":{"start":{"line":123,"column":8},"end":{"line":123,"column":14}},"loc":{"start":{"line":123,"column":14},"end":{"line":202,"column":null}},"line":123},"2":{"name":"(anonymous_2)","decl":{"start":{"line":123,"column":18},"end":{"line":123,"column":27}},"loc":{"start":{"line":123,"column":27},"end":{"line":202,"column":3}},"line":123},"3":{"name":"(anonymous_3)","decl":{"start":{"line":124,"column":49},"end":{"line":124,"column":54}},"loc":{"start":{"line":124,"column":54},"end":{"line":124,"column":64}},"line":124},"4":{"name":"(anonymous_4)","decl":{"start":{"line":124,"column":70},"end":{"line":124,"column":75}},"loc":{"start":{"line":124,"column":75},"end":{"line":124,"column":80}},"line":124},"5":{"name":"(anonymous_5)","decl":{"start":{"line":124,"column":89},"end":{"line":124,"column":95}},"loc":{"start":{"line":124,"column":95},"end":{"line":124,"column":132}},"line":124},"6":{"name":"(anonymous_6)","decl":{"start":{"line":173,"column":34},"end":{"line":173,"column":45}},"loc":{"start":{"line":173,"column":45},"end":{"line":179,"column":7}},"line":173},"7":{"name":"(anonymous_7)","decl":{"start":{"line":203,"column":15},"end":{"line":203,"column":null}},"loc":{"start":{"line":204,"column":4},"end":{"line":233,"column":null}},"line":204},"8":{"name":"(anonymous_8)","decl":{"start":{"line":204,"column":8},"end":{"line":204,"column":17}},"loc":{"start":{"line":204,"column":17},"end":{"line":233,"column":5}},"line":204},"9":{"name":"(anonymous_9)","decl":{"start":{"line":207,"column":55},"end":{"line":207,"column":60}},"loc":{"start":{"line":207,"column":60},"end":{"line":207,"column":70}},"line":207},"10":{"name":"(anonymous_10)","decl":{"start":{"line":217,"column":54},"end":{"line":217,"column":59}},"loc":{"start":{"line":217,"column":59},"end":{"line":217,"column":69}},"line":217},"11":{"name":"(anonymous_11)","decl":{"start":{"line":234,"column":18},"end":{"line":234,"column":null}},"loc":{"start":{"line":235,"column":4},"end":{"line":241,"column":null}},"line":235},"12":{"name":"(anonymous_12)","decl":{"start":{"line":235,"column":8},"end":{"line":235,"column":17}},"loc":{"start":{"line":235,"column":17},"end":{"line":241,"column":5}},"line":235},"13":{"name":"(anonymous_13)","decl":{"start":{"line":242,"column":21},"end":{"line":242,"column":22}},"loc":{"start":{"line":242,"column":53},"end":{"line":259,"column":null}},"line":242},"14":{"name":"(anonymous_14)","decl":{"start":{"line":242,"column":57},"end":{"line":242,"column":66}},"loc":{"start":{"line":242,"column":66},"end":{"line":259,"column":3}},"line":242},"15":{"name":"(anonymous_15)","decl":{"start":{"line":260,"column":21},"end":{"line":260,"column":null}},"loc":{"start":{"line":261,"column":4},"end":{"line":271,"column":null}},"line":261},"16":{"name":"(anonymous_16)","decl":{"start":{"line":261,"column":8},"end":{"line":261,"column":17}},"loc":{"start":{"line":261,"column":17},"end":{"line":271,"column":5}},"line":261},"17":{"name":"(anonymous_17)","decl":{"start":{"line":272,"column":19},"end":{"line":272,"column":20}},"loc":{"start":{"line":273,"column":4},"end":{"line":276,"column":null}},"line":273},"18":{"name":"(anonymous_18)","decl":{"start":{"line":273,"column":8},"end":{"line":273,"column":17}},"loc":{"start":{"line":273,"column":17},"end":{"line":276,"column":5}},"line":273},"19":{"name":"(anonymous_19)","decl":{"start":{"line":274,"column":49},"end":{"line":274,"column":50}},"loc":{"start":{"line":274,"column":60},"end":{"line":274,"column":145}},"line":274},"20":{"name":"(anonymous_20)","decl":{"start":{"line":277,"column":18},"end":{"line":277,"column":19}},"loc":{"start":{"line":278,"column":4},"end":{"line":300,"column":null}},"line":278},"21":{"name":"(anonymous_21)","decl":{"start":{"line":278,"column":8},"end":{"line":278,"column":17}},"loc":{"start":{"line":278,"column":17},"end":{"line":300,"column":5}},"line":278},"22":{"name":"(anonymous_22)","decl":{"start":{"line":280,"column":47},"end":{"line":280,"column":52}},"loc":{"start":{"line":280,"column":52},"end":{"line":280,"column":83}},"line":280},"23":{"name":"(anonymous_23)","decl":{"start":{"line":295,"column":58},"end":{"line":295,"column":64}},"loc":{"start":{"line":295,"column":64},"end":{"line":295,"column":79}},"line":295},"24":{"name":"(anonymous_24)","decl":{"start":{"line":301,"column":27},"end":{"line":301,"column":33}},"loc":{"start":{"line":301,"column":33},"end":{"line":304,"column":null}},"line":301},"25":{"name":"(anonymous_25)","decl":{"start":{"line":305,"column":23},"end":{"line":305,"column":24}},"loc":{"start":{"line":305,"column":41},"end":{"line":320,"column":null}},"line":305},"26":{"name":"(anonymous_26)","decl":{"start":{"line":308,"column":14},"end":{"line":308,"column":22}},"loc":{"start":{"line":308,"column":22},"end":{"line":308,"column":90}},"line":308},"27":{"name":"(anonymous_27)","decl":{"start":{"line":309,"column":11},"end":{"line":309,"column":19}},"loc":{"start":{"line":309,"column":19},"end":{"line":309,"column":36}},"line":309},"28":{"name":"(anonymous_28)","decl":{"start":{"line":316,"column":32},"end":{"line":316,"column":33}},"loc":{"start":{"line":316,"column":46},"end":{"line":316,"column":57}},"line":316},"29":{"name":"(anonymous_29)","decl":{"start":{"line":318,"column":32},"end":{"line":318,"column":33}},"loc":{"start":{"line":318,"column":46},"end":{"line":318,"column":57}},"line":318},"30":{"name":"(anonymous_30)","decl":{"start":{"line":321,"column":11},"end":{"line":321,"column":12}},"loc":{"start":{"line":321,"column":56},"end":{"line":321,"column":null}},"line":321},"31":{"name":"(anonymous_31)","decl":{"start":{"line":322,"column":19},"end":{"line":322,"column":20}},"loc":{"start":{"line":322,"column":40},"end":{"line":322,"column":null}},"line":322},"32":{"name":"(anonymous_32)","decl":{"start":{"line":322,"column":44},"end":{"line":322,"column":54}},"loc":{"start":{"line":322,"column":54},"end":{"line":322,"column":119}},"line":322},"33":{"name":"(anonymous_33)","decl":{"start":{"line":323,"column":21},"end":{"line":323,"column":27}},"loc":{"start":{"line":323,"column":27},"end":{"line":356,"column":null}},"line":323},"34":{"name":"(anonymous_34)","decl":{"start":{"line":323,"column":31},"end":{"line":323,"column":40}},"loc":{"start":{"line":323,"column":40},"end":{"line":356,"column":3}},"line":323},"35":{"name":"(anonymous_35)","decl":{"start":{"line":357,"column":18},"end":{"line":357,"column":19}},"loc":{"start":{"line":357,"column":42},"end":{"line":368,"column":null}},"line":357},"36":{"name":"(anonymous_36)","decl":{"start":{"line":357,"column":46},"end":{"line":357,"column":55}},"loc":{"start":{"line":357,"column":55},"end":{"line":368,"column":3}},"line":357},"37":{"name":"(anonymous_37)","decl":{"start":{"line":360,"column":51},"end":{"line":360,"column":56}},"loc":{"start":{"line":360,"column":56},"end":{"line":360,"column":75}},"line":360},"38":{"name":"(anonymous_38)","decl":{"start":{"line":365,"column":58},"end":{"line":365,"column":63}},"loc":{"start":{"line":365,"column":63},"end":{"line":365,"column":82}},"line":365},"39":{"name":"(anonymous_39)","decl":{"start":{"line":369,"column":28},"end":{"line":369,"column":34}},"loc":{"start":{"line":369,"column":34},"end":{"line":404,"column":null}},"line":369},"40":{"name":"(anonymous_40)","decl":{"start":{"line":369,"column":38},"end":{"line":369,"column":47}},"loc":{"start":{"line":369,"column":47},"end":{"line":404,"column":3}},"line":369},"41":{"name":"(anonymous_41)","decl":{"start":{"line":375,"column":43},"end":{"line":375,"column":48}},"loc":{"start":{"line":375,"column":48},"end":{"line":375,"column":75}},"line":375},"42":{"name":"(anonymous_42)","decl":{"start":{"line":389,"column":47},"end":{"line":389,"column":null}},"loc":{"start":{"line":390,"column":8},"end":{"line":390,"column":null}},"line":390},"43":{"name":"(anonymous_43)","decl":{"start":{"line":405,"column":14},"end":{"line":405,"column":15}},"loc":{"start":{"line":405,"column":34},"end":{"line":425,"column":null}},"line":405},"44":{"name":"(anonymous_44)","decl":{"start":{"line":405,"column":38},"end":{"line":405,"column":47}},"loc":{"start":{"line":405,"column":47},"end":{"line":425,"column":3}},"line":405},"45":{"name":"(anonymous_45)","decl":{"start":{"line":406,"column":35},"end":{"line":406,"column":40}},"loc":{"start":{"line":406,"column":40},"end":{"line":406,"column":55}},"line":406},"46":{"name":"(anonymous_46)","decl":{"start":{"line":413,"column":48},"end":{"line":413,"column":53}},"loc":{"start":{"line":413,"column":53},"end":{"line":413,"column":86}},"line":413}},"branchMap":{"0":{"loc":{"start":{"line":130,"column":28},"end":{"line":130,"column":null}},"type":"cond-expr","locations":[{"start":{"line":130,"column":51},"end":{"line":130,"column":81}},{"start":{"line":130,"column":81},"end":{"line":130,"column":null}}],"line":130},"1":{"loc":{"start":{"line":137,"column":6},"end":{"line":154,"column":null}},"type":"if","locations":[{"start":{"line":137,"column":6},"end":{"line":154,"column":null}},{"start":{},"end":{}}],"line":137},"2":{"loc":{"start":{"line":141,"column":8},"end":{"line":153,"column":null}},"type":"if","locations":[{"start":{"line":141,"column":8},"end":{"line":153,"column":null}},{"start":{"line":151,"column":15},"end":{"line":153,"column":null}}],"line":141},"3":{"loc":{"start":{"line":144,"column":10},"end":{"line":150,"column":null}},"type":"if","locations":[{"start":{"line":144,"column":10},"end":{"line":150,"column":null}},{"start":{},"end":{}}],"line":144},"4":{"loc":{"start":{"line":144,"column":14},"end":{"line":144,"column":116}},"type":"binary-expr","locations":[{"start":{"line":144,"column":14},"end":{"line":144,"column":35}},{"start":{"line":144,"column":35},"end":{"line":144,"column":76}},{"start":{"line":144,"column":76},"end":{"line":144,"column":116}}],"line":144},"5":{"loc":{"start":{"line":146,"column":12},"end":{"line":149,"column":null}},"type":"if","locations":[{"start":{"line":146,"column":12},"end":{"line":149,"column":null}},{"start":{},"end":{}}],"line":146},"6":{"loc":{"start":{"line":163,"column":6},"end":{"line":168,"column":null}},"type":"if","locations":[{"start":{"line":163,"column":6},"end":{"line":168,"column":null}},{"start":{"line":165,"column":13},"end":{"line":168,"column":null}}],"line":163},"7":{"loc":{"start":{"line":172,"column":4},"end":{"line":180,"column":null}},"type":"if","locations":[{"start":{"line":172,"column":4},"end":{"line":180,"column":null}},{"start":{},"end":{}}],"line":172},"8":{"loc":{"start":{"line":174,"column":8},"end":{"line":178,"column":null}},"type":"if","locations":[{"start":{"line":174,"column":8},"end":{"line":178,"column":null}},{"start":{"line":176,"column":8},"end":{"line":178,"column":null}}],"line":174},"9":{"loc":{"start":{"line":176,"column":8},"end":{"line":178,"column":null}},"type":"if","locations":[{"start":{"line":176,"column":8},"end":{"line":178,"column":null}},{"start":{},"end":{}}],"line":176},"10":{"loc":{"start":{"line":182,"column":4},"end":{"line":190,"column":null}},"type":"if","locations":[{"start":{"line":182,"column":4},"end":{"line":190,"column":null}},{"start":{},"end":{}}],"line":182},"11":{"loc":{"start":{"line":182,"column":8},"end":{"line":182,"column":68}},"type":"binary-expr","locations":[{"start":{"line":182,"column":8},"end":{"line":182,"column":29}},{"start":{"line":182,"column":29},"end":{"line":182,"column":68}}],"line":182},"12":{"loc":{"start":{"line":183,"column":6},"end":{"line":189,"column":null}},"type":"if","locations":[{"start":{"line":183,"column":6},"end":{"line":189,"column":null}},{"start":{},"end":{}}],"line":183},"13":{"loc":{"start":{"line":185,"column":8},"end":{"line":188,"column":null}},"type":"if","locations":[{"start":{"line":185,"column":8},"end":{"line":188,"column":null}},{"start":{},"end":{}}],"line":185},"14":{"loc":{"start":{"line":209,"column":6},"end":{"line":231,"column":null}},"type":"if","locations":[{"start":{"line":209,"column":6},"end":{"line":231,"column":null}},{"start":{},"end":{}}],"line":209},"15":{"loc":{"start":{"line":212,"column":8},"end":{"line":230,"column":null}},"type":"if","locations":[{"start":{"line":212,"column":8},"end":{"line":230,"column":null}},{"start":{},"end":{}}],"line":212},"16":{"loc":{"start":{"line":218,"column":10},"end":{"line":223,"column":null}},"type":"if","locations":[{"start":{"line":218,"column":10},"end":{"line":223,"column":null}},{"start":{"line":220,"column":17},"end":{"line":223,"column":null}}],"line":218},"17":{"loc":{"start":{"line":237,"column":6},"end":{"line":239,"column":null}},"type":"if","locations":[{"start":{"line":237,"column":6},"end":{"line":239,"column":null}},{"start":{},"end":{}}],"line":237},"18":{"loc":{"start":{"line":246,"column":4},"end":{"line":257,"column":null}},"type":"if","locations":[{"start":{"line":246,"column":4},"end":{"line":257,"column":null}},{"start":{},"end":{}}],"line":246},"19":{"loc":{"start":{"line":246,"column":8},"end":{"line":246,"column":66}},"type":"binary-expr","locations":[{"start":{"line":246,"column":8},"end":{"line":246,"column":36}},{"start":{"line":246,"column":36},"end":{"line":246,"column":66}}],"line":246},"20":{"loc":{"start":{"line":264,"column":6},"end":{"line":269,"column":null}},"type":"if","locations":[{"start":{"line":264,"column":6},"end":{"line":269,"column":null}},{"start":{},"end":{}}],"line":264},"21":{"loc":{"start":{"line":274,"column":60},"end":{"line":274,"column":145}},"type":"cond-expr","locations":[{"start":{"line":274,"column":75},"end":{"line":274,"column":143}},{"start":{"line":274,"column":143},"end":{"line":274,"column":145}}],"line":274},"22":{"loc":{"start":{"line":274,"column":83},"end":{"line":274,"column":125}},"type":"cond-expr","locations":[{"start":{"line":274,"column":105},"end":{"line":274,"column":117}},{"start":{"line":274,"column":117},"end":{"line":274,"column":125}}],"line":274},"23":{"loc":{"start":{"line":280,"column":52},"end":{"line":280,"column":83}},"type":"binary-expr","locations":[{"start":{"line":280,"column":52},"end":{"line":280,"column":66}},{"start":{"line":280,"column":66},"end":{"line":280,"column":83}}],"line":280},"24":{"loc":{"start":{"line":281,"column":6},"end":{"line":283,"column":null}},"type":"if","locations":[{"start":{"line":281,"column":6},"end":{"line":283,"column":null}},{"start":{},"end":{}}],"line":281},"25":{"loc":{"start":{"line":285,"column":30},"end":{"line":285,"column":null}},"type":"cond-expr","locations":[{"start":{"line":285,"column":53},"end":{"line":285,"column":83}},{"start":{"line":285,"column":83},"end":{"line":285,"column":null}}],"line":285},"26":{"loc":{"start":{"line":286,"column":6},"end":{"line":292,"column":null}},"type":"if","locations":[{"start":{"line":286,"column":6},"end":{"line":292,"column":null}},{"start":{},"end":{}}],"line":286},"27":{"loc":{"start":{"line":286,"column":10},"end":{"line":286,"column":112}},"type":"binary-expr","locations":[{"start":{"line":286,"column":10},"end":{"line":286,"column":31}},{"start":{"line":286,"column":31},"end":{"line":286,"column":72}},{"start":{"line":286,"column":72},"end":{"line":286,"column":112}}],"line":286},"28":{"loc":{"start":{"line":288,"column":8},"end":{"line":291,"column":null}},"type":"if","locations":[{"start":{"line":288,"column":8},"end":{"line":291,"column":null}},{"start":{},"end":{}}],"line":288},"29":{"loc":{"start":{"line":308,"column":22},"end":{"line":308,"column":90}},"type":"binary-expr","locations":[{"start":{"line":308,"column":22},"end":{"line":308,"column":65}},{"start":{"line":308,"column":65},"end":{"line":308,"column":90}}],"line":308},"30":{"loc":{"start":{"line":311,"column":4},"end":{"line":311,"column":null}},"type":"if","locations":[{"start":{"line":311,"column":4},"end":{"line":311,"column":null}},{"start":{},"end":{}}],"line":311},"31":{"loc":{"start":{"line":315,"column":4},"end":{"line":319,"column":null}},"type":"if","locations":[{"start":{"line":315,"column":4},"end":{"line":319,"column":null}},{"start":{"line":317,"column":11},"end":{"line":319,"column":null}}],"line":315},"32":{"loc":{"start":{"line":324,"column":4},"end":{"line":324,"column":null}},"type":"if","locations":[{"start":{"line":324,"column":4},"end":{"line":324,"column":null}},{"start":{},"end":{}}],"line":324},"33":{"loc":{"start":{"line":329,"column":11},"end":{"line":329,"column":66}},"type":"binary-expr","locations":[{"start":{"line":329,"column":11},"end":{"line":329,"column":38}},{"start":{"line":329,"column":38},"end":{"line":329,"column":66}}],"line":329},"34":{"loc":{"start":{"line":347,"column":26},"end":{"line":347,"column":null}},"type":"cond-expr","locations":[{"start":{"line":347,"column":36},"end":{"line":347,"column":75}},{"start":{"line":347,"column":75},"end":{"line":347,"column":null}}],"line":347},"35":{"loc":{"start":{"line":349,"column":23},"end":{"line":349,"column":null}},"type":"cond-expr","locations":[{"start":{"line":349,"column":35},"end":{"line":349,"column":71}},{"start":{"line":349,"column":71},"end":{"line":349,"column":null}}],"line":349},"36":{"loc":{"start":{"line":358,"column":4},"end":{"line":358,"column":null}},"type":"if","locations":[{"start":{"line":358,"column":4},"end":{"line":358,"column":null}},{"start":{},"end":{}}],"line":358},"37":{"loc":{"start":{"line":361,"column":4},"end":{"line":361,"column":null}},"type":"if","locations":[{"start":{"line":361,"column":4},"end":{"line":361,"column":null}},{"start":{},"end":{}}],"line":361},"38":{"loc":{"start":{"line":371,"column":4},"end":{"line":371,"column":null}},"type":"if","locations":[{"start":{"line":371,"column":4},"end":{"line":371,"column":null}},{"start":{},"end":{}}],"line":371},"39":{"loc":{"start":{"line":371,"column":8},"end":{"line":371,"column":51}},"type":"binary-expr","locations":[{"start":{"line":371,"column":8},"end":{"line":371,"column":21}},{"start":{"line":371,"column":21},"end":{"line":371,"column":51}}],"line":371},"40":{"loc":{"start":{"line":373,"column":4},"end":{"line":402,"column":null}},"type":"if","locations":[{"start":{"line":373,"column":4},"end":{"line":402,"column":null}},{"start":{},"end":{}}],"line":373},"41":{"loc":{"start":{"line":373,"column":8},"end":{"line":373,"column":92}},"type":"binary-expr","locations":[{"start":{"line":373,"column":8},"end":{"line":373,"column":49}},{"start":{"line":373,"column":49},"end":{"line":373,"column":92}}],"line":373},"42":{"loc":{"start":{"line":376,"column":6},"end":{"line":376,"column":null}},"type":"if","locations":[{"start":{"line":376,"column":6},"end":{"line":376,"column":null}},{"start":{},"end":{}}],"line":376},"43":{"loc":{"start":{"line":383,"column":6},"end":{"line":387,"column":null}},"type":"if","locations":[{"start":{"line":383,"column":6},"end":{"line":387,"column":null}},{"start":{},"end":{}}],"line":383},"44":{"loc":{"start":{"line":390,"column":8},"end":{"line":390,"column":null}},"type":"cond-expr","locations":[{"start":{"line":390,"column":30},"end":{"line":390,"column":87}},{"start":{"line":390,"column":87},"end":{"line":390,"column":null}}],"line":390},"45":{"loc":{"start":{"line":407,"column":4},"end":{"line":407,"column":null}},"type":"if","locations":[{"start":{"line":407,"column":4},"end":{"line":407,"column":null}},{"start":{},"end":{}}],"line":407},"46":{"loc":{"start":{"line":410,"column":4},"end":{"line":410,"column":null}},"type":"if","locations":[{"start":{"line":410,"column":4},"end":{"line":410,"column":null}},{"start":{},"end":{}}],"line":410},"47":{"loc":{"start":{"line":414,"column":4},"end":{"line":414,"column":null}},"type":"if","locations":[{"start":{"line":414,"column":4},"end":{"line":414,"column":null}},{"start":{},"end":{}}],"line":414},"48":{"loc":{"start":{"line":417,"column":4},"end":{"line":417,"column":null}},"type":"if","locations":[{"start":{"line":417,"column":4},"end":{"line":417,"column":null}},{"start":{},"end":{}}],"line":417}},"s":{"0":2,"1":2,"2":7,"3":7,"4":5,"5":5,"6":5,"7":7,"8":7,"9":7,"10":7,"11":7,"12":7,"13":7,"14":7,"15":5,"16":4,"17":4,"18":0,"19":0,"20":0,"21":0,"22":0,"23":0,"24":4,"25":7,"26":7,"27":7,"28":7,"29":7,"30":2,"31":2,"32":0,"33":0,"34":7,"35":7,"36":2,"37":1,"38":1,"39":1,"40":7,"41":1,"42":1,"43":1,"44":1,"45":1,"46":7,"47":7,"48":1,"49":1,"50":1,"51":1,"52":0,"53":1,"54":1,"55":1,"56":1,"57":1,"58":1,"59":1,"60":0,"61":1,"62":0,"63":1,"64":1,"65":0,"66":0,"67":0,"68":0,"69":0,"70":0,"71":3,"72":3,"73":3,"74":3,"75":3,"76":1,"77":2,"78":0,"79":0,"80":0,"81":0,"82":0,"83":0,"84":0,"85":0,"86":0,"87":0,"88":1,"89":1,"90":1,"91":1,"92":1,"93":1,"94":1,"95":1,"96":1,"97":1,"98":1,"99":1,"100":1,"101":1,"102":1,"103":1,"104":46,"105":46,"106":552,"107":4,"108":46,"109":42,"110":4,"111":4,"112":4,"113":0,"114":0,"115":2,"116":5,"117":5,"118":3,"119":3,"120":0,"121":3,"122":3,"123":3,"124":9,"125":9,"126":9,"127":9,"128":9,"129":9,"130":3,"131":3,"132":3,"133":1,"134":2,"135":2,"136":2,"137":0,"138":2,"139":6,"140":1,"141":1,"142":1,"143":0,"144":1,"145":1,"146":1,"147":1,"148":0,"149":1,"150":1,"151":1,"152":1,"153":1,"154":0,"155":0,"156":0,"157":1,"158":1,"159":1,"160":1,"161":0,"162":4,"163":4,"164":11,"165":4,"166":0,"167":4,"168":0,"169":4,"170":1,"171":4,"172":1,"173":3,"174":1,"175":2,"176":2},"f":{"0":2,"1":7,"2":7,"3":5,"4":5,"5":5,"6":2,"7":1,"8":1,"9":0,"10":0,"11":0,"12":0,"13":3,"14":3,"15":0,"16":0,"17":0,"18":0,"19":0,"20":1,"21":1,"22":1,"23":1,"24":1,"25":46,"26":552,"27":4,"28":4,"29":0,"30":2,"31":5,"32":5,"33":3,"34":3,"35":3,"36":3,"37":2,"38":6,"39":1,"40":1,"41":1,"42":1,"43":4,"44":4,"45":11,"46":1},"b":{"0":[1,6],"1":[4,1],"2":[0,4],"3":[0,0],"4":[0,0,0],"5":[0,0],"6":[2,0],"7":[7,0],"8":[1,1],"9":[1,0],"10":[1,6],"11":[7,1],"12":[1,0],"13":[1,0],"14":[1,0],"15":[1,0],"16":[0,1],"17":[0,0],"18":[1,2],"19":[3,2],"20":[0,0],"21":[0,0],"22":[0,0],"23":[1,1],"24":[1,0],"25":[1,0],"26":[1,0],"27":[1,1,1],"28":[1,0],"29":[552,10],"30":[42,4],"31":[4,0],"32":[0,3],"33":[3,9],"34":[2,7],"35":[1,8],"36":[1,2],"37":[0,2],"38":[0,1],"39":[1,1],"40":[1,0],"41":[1,1],"42":[0,1],"43":[0,1],"44":[1,0],"45":[0,4],"46":[0,4],"47":[1,3],"48":[1,2]},"meta":{"lastBranch":49,"lastFunction":47,"lastStatement":177,"seen":{"s:87:13:426:Infinity":0,"f:87:46:87:47":0,"s:87:61:426:2":1,"f:123:8:123:14":1,"s:123:14:202:Infinity":2,"f:123:18:123:27":2,"s:124:28:124:Infinity":3,"f:124:49:124:54":3,"s:124:54:124:64":4,"f:124:70:124:75":4,"s:124:75:124:80":5,"f:124:89:124:95":5,"s:124:95:124:132":6,"s:126:27:126:Infinity":7,"s:127:24:127:Infinity":8,"s:128:29:128:Infinity":9,"s:129:31:129:Infinity":10,"s:130:28:130:Infinity":11,"b:130:51:130:81:130:81:130:Infinity":0,"s:132:30:132:Infinity":12,"s:133:37:133:Infinity":13,"s:136:4:155:Infinity":14,"b:137:6:154:Infinity:undefined:undefined:undefined:undefined":1,"s:137:6:154:Infinity":15,"s:138:8:138:Infinity":16,"b:141:8:153:Infinity:151:15:153:Infinity":2,"s:141:8:153:Infinity":17,"s:142:10:142:Infinity":18,"b:144:10:150:Infinity:undefined:undefined:undefined:undefined":3,"s:144:10:150:Infinity":19,"b:144:14:144:35:144:35:144:76:144:76:144:116":4,"s:145:12:145:Infinity":20,"b:146:12:149:Infinity:undefined:undefined:undefined:undefined":5,"s:146:12:149:Infinity":21,"s:147:14:147:Infinity":22,"s:148:14:148:Infinity":23,"s:152:10:152:Infinity":24,"s:157:20:157:Infinity":25,"s:158:18:158:Infinity":26,"s:159:28:159:Infinity":27,"s:162:4:169:Infinity":28,"s:162:17:162:20":29,"b:163:6:168:Infinity:165:13:168:Infinity":6,"s:163:6:168:Infinity":30,"s:164:8:164:Infinity":31,"s:166:34:166:Infinity":32,"s:167:8:167:Infinity":33,"b:172:4:180:Infinity:undefined:undefined:undefined:undefined":7,"s:172:4:180:Infinity":34,"s:173:6:179:Infinity":35,"f:173:34:173:45":6,"b:174:8:178:Infinity:176:8:178:Infinity":8,"s:174:8:178:Infinity":36,"s:175:10:175:Infinity":37,"b:176:8:178:Infinity:undefined:undefined:undefined:undefined":9,"s:176:8:178:Infinity":38,"s:177:10:177:Infinity":39,"b:182:4:190:Infinity:undefined:undefined:undefined:undefined":10,"s:182:4:190:Infinity":40,"b:182:8:182:29:182:29:182:68":11,"b:183:6:189:Infinity:undefined:undefined:undefined:undefined":12,"s:183:6:189:Infinity":41,"s:184:8:184:Infinity":42,"b:185:8:188:Infinity:undefined:undefined:undefined:undefined":13,"s:185:8:188:Infinity":43,"s:186:10:186:Infinity":44,"s:187:10:187:Infinity":45,"s:192:23:192:Infinity":46,"s:194:4:201:Infinity":47,"f:203:15:203:Infinity":7,"s:204:4:233:Infinity":48,"f:204:8:204:17":8,"s:205:32:205:Infinity":49,"s:206:25:206:Infinity":50,"s:207:34:207:Infinity":51,"f:207:55:207:60":9,"s:207:60:207:70":52,"b:209:6:231:Infinity:undefined:undefined:undefined:undefined":14,"s:209:6:231:Infinity":53,"s:210:25:210:Infinity":54,"s:211:34:211:Infinity":55,"b:212:8:230:Infinity:undefined:undefined:undefined:undefined":15,"s:212:8:230:Infinity":56,"s:213:29:213:Infinity":57,"s:214:28:214:Infinity":58,"s:217:33:217:Infinity":59,"f:217:54:217:59":10,"s:217:59:217:69":60,"b:218:10:223:Infinity:220:17:223:Infinity":16,"s:218:10:223:Infinity":61,"s:219:12:219:Infinity":62,"s:222:12:222:Infinity":63,"s:225:10:229:Infinity":64,"s:232:6:232:Infinity":65,"f:234:18:234:Infinity":11,"s:235:4:241:Infinity":66,"f:235:8:235:17":12,"s:236:35:236:Infinity":67,"b:237:6:239:Infinity:undefined:undefined:undefined:undefined":17,"s:237:6:239:Infinity":68,"s:238:8:238:Infinity":69,"s:240:6:240:Infinity":70,"f:242:21:242:22":13,"s:242:53:259:Infinity":71,"f:242:57:242:66":14,"s:243:35:243:Infinity":72,"s:244:22:244:Infinity":73,"s:245:24:245:Infinity":74,"b:246:4:257:Infinity:undefined:undefined:undefined:undefined":18,"s:246:4:257:Infinity":75,"b:246:8:246:36:246:36:246:66":19,"s:247:6:256:Infinity":76,"s:258:4:258:Infinity":77,"f:260:21:260:Infinity":15,"s:261:4:271:Infinity":78,"f:261:8:261:17":16,"s:262:23:262:Infinity":79,"s:263:38:263:Infinity":80,"b:264:6:269:Infinity:undefined:undefined:undefined:undefined":20,"s:264:6:269:Infinity":81,"s:265:8:268:Infinity":82,"s:270:6:270:Infinity":83,"f:272:19:272:20":17,"s:273:4:276:Infinity":84,"f:273:8:273:17":18,"s:274:28:274:Infinity":85,"f:274:49:274:50":19,"s:274:60:274:145":86,"b:274:75:274:143:274:143:274:145":21,"b:274:105:274:117:274:117:274:125":22,"s:275:6:275:Infinity":87,"f:277:18:277:19":20,"s:278:4:300:Infinity":88,"f:278:8:278:17":21,"s:279:25:279:Infinity":89,"s:280:26:280:Infinity":90,"f:280:47:280:52":22,"s:280:52:280:83":91,"b:280:52:280:66:280:66:280:83":23,"b:281:6:283:Infinity:undefined:undefined:undefined:undefined":24,"s:281:6:283:Infinity":92,"s:282:8:282:Infinity":93,"s:285:30:285:Infinity":94,"b:285:53:285:83:285:83:285:Infinity":25,"b:286:6:292:Infinity:undefined:undefined:undefined:undefined":26,"s:286:6:292:Infinity":95,"b:286:10:286:31:286:31:286:72:286:72:286:112":27,"s:287:8:287:Infinity":96,"b:288:8:291:Infinity:undefined:undefined:undefined:undefined":28,"s:288:8:291:Infinity":97,"s:289:10:289:Infinity":98,"s:290:10:290:Infinity":99,"s:294:6:299:Infinity":100,"f:295:58:295:64":23,"s:295:64:295:79":101,"f:301:27:301:33":24,"s:302:18:302:Infinity":102,"s:303:4:303:Infinity":103,"f:305:23:305:24":25,"s:306:18:306:Infinity":104,"s:307:24:309:Infinity":105,"f:308:14:308:22":26,"s:308:22:308:90":106,"b:308:22:308:65:308:65:308:90":29,"f:309:11:309:19":27,"s:309:19:309:36":107,"b:311:4:311:Infinity:undefined:undefined:undefined:undefined":30,"s:311:4:311:Infinity":108,"s:311:34:311:Infinity":109,"b:315:4:319:Infinity:317:11:319:Infinity":31,"s:315:4:319:Infinity":110,"s:316:6:316:Infinity":111,"f:316:32:316:33":28,"s:316:46:316:57":112,"s:318:6:318:Infinity":113,"f:318:32:318:33":29,"s:318:46:318:57":114,"f:321:11:321:12":30,"s:321:56:321:Infinity":115,"f:322:19:322:20":31,"s:322:40:322:Infinity":116,"f:322:44:322:54":32,"s:322:54:322:119":117,"f:323:21:323:27":33,"s:323:27:356:Infinity":118,"f:323:31:323:40":34,"b:324:4:324:Infinity:undefined:undefined:undefined:undefined":32,"s:324:4:324:Infinity":119,"s:324:46:324:Infinity":120,"s:326:37:326:Infinity":121,"s:327:28:327:Infinity":122,"s:329:4:353:Infinity":123,"b:329:11:329:38:329:38:329:66":33,"s:330:27:330:Infinity":124,"s:331:22:331:Infinity":125,"s:333:25:333:Infinity":126,"s:334:24:334:Infinity":127,"s:335:22:335:Infinity":128,"s:337:6:352:Infinity":129,"b:347:36:347:75:347:75:347:Infinity":34,"b:349:35:349:71:349:71:349:Infinity":35,"s:355:4:355:Infinity":130,"f:357:18:357:19":35,"s:357:42:368:Infinity":131,"f:357:46:357:55":36,"b:358:4:358:Infinity:undefined:undefined:undefined:undefined":36,"s:358:4:358:Infinity":132,"s:358:30:358:Infinity":133,"s:360:21:360:Infinity":134,"f:360:51:360:56":37,"s:360:56:360:75":135,"b:361:4:361:Infinity:undefined:undefined:undefined:undefined":37,"s:361:4:361:Infinity":136,"s:361:19:361:Infinity":137,"s:363:4:367:Infinity":138,"f:365:58:365:63":38,"s:365:63:365:82":139,"f:369:28:369:34":39,"s:369:34:404:Infinity":140,"f:369:38:369:47":40,"s:370:21:370:Infinity":141,"b:371:4:371:Infinity:undefined:undefined:undefined:undefined":38,"s:371:4:371:Infinity":142,"b:371:8:371:21:371:21:371:51":39,"s:371:51:371:Infinity":143,"b:373:4:402:Infinity:undefined:undefined:undefined:undefined":40,"s:373:4:402:Infinity":144,"b:373:8:373:49:373:49:373:92":41,"s:375:22:375:Infinity":145,"f:375:43:375:48":41,"s:375:48:375:75":146,"b:376:6:376:Infinity:undefined:undefined:undefined:undefined":42,"s:376:6:376:Infinity":147,"s:376:20:376:Infinity":148,"s:378:28:378:Infinity":149,"s:379:32:379:Infinity":150,"s:380:21:380:Infinity":151,"s:381:28:381:Infinity":152,"b:383:6:387:Infinity:undefined:undefined:undefined:undefined":43,"s:383:6:387:Infinity":153,"s:384:8:384:Infinity":154,"s:385:8:385:Infinity":155,"s:386:8:386:Infinity":156,"s:389:27:391:Infinity":157,"f:389:47:389:Infinity":42,"s:390:8:390:Infinity":158,"b:390:30:390:87:390:87:390:Infinity":44,"s:393:6:393:Infinity":159,"s:395:6:401:Infinity":160,"s:403:4:403:Infinity":161,"f:405:14:405:15":43,"s:405:34:425:Infinity":162,"f:405:38:405:47":44,"s:406:17:406:Infinity":163,"f:406:35:406:40":45,"s:406:40:406:55":164,"b:407:4:407:Infinity:undefined:undefined:undefined:undefined":45,"s:407:4:407:Infinity":165,"s:407:15:407:Infinity":166,"b:410:4:410:Infinity:undefined:undefined:undefined:undefined":46,"s:410:4:410:Infinity":167,"s:410:48:410:Infinity":168,"s:413:23:413:Infinity":169,"f:413:48:413:53":46,"s:413:53:413:86":170,"b:414:4:414:Infinity:undefined:undefined:undefined:undefined":47,"s:414:4:414:Infinity":171,"s:414:21:414:Infinity":172,"b:417:4:417:Infinity:undefined:undefined:undefined:undefined":48,"s:417:4:417:Infinity":173,"s:417:42:417:Infinity":174,"s:419:4:419:Infinity":175,"s:421:4:424:Infinity":176}}}
}
