{"/home/barro/code/barro/ai-game/src/OrbitView.tsx": {"path":"/home/barro/code/barro/ai-game/src/OrbitView.tsx","statementMap":{"0":{"start":{"line":5,"column":59},"end":{"line":5,"column":null}},"1":{"start":{"line":7,"column":20},"end":{"line":7,"column":null}},"2":{"start":{"line":8,"column":22},"end":{"line":8,"column":null}},"3":{"start":{"line":10,"column":2},"end":{"line":72,"column":null}},"4":{"start":{"line":20,"column":25},"end":{"line":20,"column":null}},"5":{"start":{"line":21,"column":25},"end":{"line":21,"column":null}},"6":{"start":{"line":22,"column":20},"end":{"line":22,"column":null}},"7":{"start":{"line":23,"column":20},"end":{"line":23,"column":null}},"8":{"start":{"line":25,"column":10},"end":{"line":39,"column":null}},"9":{"start":{"line":49,"column":25},"end":{"line":49,"column":null}},"10":{"start":{"line":59,"column":25},"end":{"line":59,"column":null}}},"fnMap":{"0":{"name":"OrbitView","decl":{"start":{"line":4,"column":16},"end":{"line":4,"column":28}},"loc":{"start":{"line":4,"column":28},"end":{"line":74,"column":null}},"line":4},"1":{"name":"(anonymous_1)","decl":{"start":{"line":19,"column":27},"end":{"line":19,"column":28}},"loc":{"start":{"line":19,"column":47},"end":{"line":41,"column":9}},"line":19},"2":{"name":"(anonymous_2)","decl":{"start":{"line":49,"column":19},"end":{"line":49,"column":25}},"loc":{"start":{"line":49,"column":25},"end":{"line":49,"column":null}},"line":49},"3":{"name":"(anonymous_3)","decl":{"start":{"line":59,"column":19},"end":{"line":59,"column":25}},"loc":{"start":{"line":59,"column":25},"end":{"line":59,"column":null}},"line":59}},"branchMap":{"0":{"loc":{"start":{"line":33,"column":59},"end":{"line":33,"column":152}},"type":"cond-expr","locations":[{"start":{"line":33,"column":89},"end":{"line":33,"column":121}},{"start":{"line":33,"column":121},"end":{"line":33,"column":152}}],"line":33},"1":{"loc":{"start":{"line":34,"column":17},"end":{"line":34,"column":null}},"type":"cond-expr","locations":[{"start":{"line":34,"column":47},"end":{"line":34,"column":86}},{"start":{"line":34,"column":86},"end":{"line":34,"column":null}}],"line":34},"2":{"loc":{"start":{"line":50,"column":114},"end":{"line":50,"column":227}},"type":"cond-expr","locations":[{"start":{"line":50,"column":161},"end":{"line":50,"column":199}},{"start":{"line":50,"column":199},"end":{"line":50,"column":227}}],"line":50},"3":{"loc":{"start":{"line":50,"column":114},"end":{"line":50,"column":161}},"type":"binary-expr","locations":[{"start":{"line":50,"column":114},"end":{"line":50,"column":136}},{"start":{"line":50,"column":136},"end":{"line":50,"column":161}}],"line":50},"4":{"loc":{"start":{"line":60,"column":114},"end":{"line":60,"column":229}},"type":"cond-expr","locations":[{"start":{"line":60,"column":161},"end":{"line":60,"column":201}},{"start":{"line":60,"column":201},"end":{"line":60,"column":229}}],"line":60},"5":{"loc":{"start":{"line":60,"column":114},"end":{"line":60,"column":161}},"type":"binary-expr","locations":[{"start":{"line":60,"column":114},"end":{"line":60,"column":136}},{"start":{"line":60,"column":136},"end":{"line":60,"column":161}}],"line":60}},"s":{"0":3,"1":3,"2":3,"3":3,"4":2,"5":2,"6":2,"7":2,"8":2,"9":1,"10":1},"f":{"0":3,"1":2,"2":1,"3":1},"b":{"0":[1,1],"1":[1,1],"2":[0,3],"3":[3,0],"4":[0,3],"5":[3,0]},"meta":{"lastBranch":6,"lastFunction":4,"lastStatement":11,"seen":{"f:4:16:4:28":0,"s:5:59:5:Infinity":0,"s:7:20:7:Infinity":1,"s:8:22:8:Infinity":2,"s:10:2:72:Infinity":3,"f:19:27:19:28":1,"s:20:25:20:Infinity":4,"s:21:25:21:Infinity":5,"s:22:20:22:Infinity":6,"s:23:20:23:Infinity":7,"s:25:10:39:Infinity":8,"b:33:89:33:121:33:121:33:152":0,"b:34:47:34:86:34:86:34:Infinity":1,"f:49:19:49:25":2,"s:49:25:49:Infinity":9,"b:50:161:50:199:50:199:50:227":2,"b:50:114:50:136:50:136:50:161":3,"f:59:19:59:25":3,"s:59:25:59:Infinity":10,"b:60:161:60:201:60:201:60:229":4,"b:60:114:60:136:60:136:60:161":5}}}
,"/home/barro/code/barro/ai-game/src/useGameStore.ts": {"path":"/home/barro/code/barro/ai-game/src/useGameStore.ts","statementMap":{"0":{"start":{"line":26,"column":35},"end":{"line":62,"column":null}},"1":{"start":{"line":31,"column":21},"end":{"line":31,"column":null}},"2":{"start":{"line":38,"column":21},"end":{"line":38,"column":null}},"3":{"start":{"line":45,"column":21},"end":{"line":45,"column":null}},"4":{"start":{"line":52,"column":21},"end":{"line":52,"column":null}},"5":{"start":{"line":59,"column":21},"end":{"line":59,"column":null}},"6":{"start":{"line":102,"column":26},"end":{"line":102,"column":null}},"7":{"start":{"line":104,"column":13},"end":{"line":303,"column":null}},"8":{"start":{"line":104,"column":61},"end":{"line":303,"column":2}},"9":{"start":{"line":128,"column":14},"end":{"line":180,"column":null}},"10":{"start":{"line":129,"column":26},"end":{"line":129,"column":null}},"11":{"start":{"line":129,"column":52},"end":{"line":129,"column":62}},"12":{"start":{"line":130,"column":20},"end":{"line":130,"column":null}},"13":{"start":{"line":131,"column":18},"end":{"line":131,"column":null}},"14":{"start":{"line":133,"column":28},"end":{"line":133,"column":null}},"15":{"start":{"line":135,"column":4},"end":{"line":142,"column":null}},"16":{"start":{"line":135,"column":17},"end":{"line":135,"column":20}},"17":{"start":{"line":136,"column":6},"end":{"line":141,"column":null}},"18":{"start":{"line":137,"column":8},"end":{"line":137,"column":null}},"19":{"start":{"line":139,"column":33},"end":{"line":139,"column":null}},"20":{"start":{"line":140,"column":8},"end":{"line":140,"column":null}},"21":{"start":{"line":145,"column":4},"end":{"line":153,"column":null}},"22":{"start":{"line":146,"column":6},"end":{"line":152,"column":null}},"23":{"start":{"line":147,"column":8},"end":{"line":151,"column":null}},"24":{"start":{"line":148,"column":10},"end":{"line":148,"column":null}},"25":{"start":{"line":149,"column":8},"end":{"line":151,"column":null}},"26":{"start":{"line":150,"column":10},"end":{"line":150,"column":null}},"27":{"start":{"line":155,"column":19},"end":{"line":155,"column":null}},"28":{"start":{"line":156,"column":21},"end":{"line":156,"column":null}},"29":{"start":{"line":157,"column":18},"end":{"line":157,"column":null}},"30":{"start":{"line":158,"column":19},"end":{"line":158,"column":null}},"31":{"start":{"line":159,"column":31},"end":{"line":159,"column":null}},"32":{"start":{"line":161,"column":4},"end":{"line":167,"column":null}},"33":{"start":{"line":162,"column":30},"end":{"line":162,"column":null}},"34":{"start":{"line":162,"column":56},"end":{"line":162,"column":66}},"35":{"start":{"line":162,"column":77},"end":{"line":162,"column":82}},"36":{"start":{"line":162,"column":97},"end":{"line":162,"column":134}},"37":{"start":{"line":163,"column":32},"end":{"line":163,"column":null}},"38":{"start":{"line":164,"column":6},"end":{"line":166,"column":null}},"39":{"start":{"line":165,"column":8},"end":{"line":165,"column":null}},"40":{"start":{"line":169,"column":4},"end":{"line":171,"column":null}},"41":{"start":{"line":170,"column":6},"end":{"line":170,"column":null}},"42":{"start":{"line":173,"column":4},"end":{"line":179,"column":null}},"43":{"start":{"line":182,"column":4},"end":{"line":210,"column":null}},"44":{"start":{"line":183,"column":25},"end":{"line":183,"column":null}},"45":{"start":{"line":184,"column":34},"end":{"line":184,"column":null}},"46":{"start":{"line":184,"column":60},"end":{"line":184,"column":70}},"47":{"start":{"line":186,"column":6},"end":{"line":208,"column":null}},"48":{"start":{"line":187,"column":34},"end":{"line":187,"column":null}},"49":{"start":{"line":188,"column":8},"end":{"line":207,"column":null}},"50":{"start":{"line":189,"column":29},"end":{"line":189,"column":null}},"51":{"start":{"line":190,"column":28},"end":{"line":190,"column":null}},"52":{"start":{"line":193,"column":33},"end":{"line":193,"column":null}},"53":{"start":{"line":193,"column":59},"end":{"line":193,"column":69}},"54":{"start":{"line":194,"column":10},"end":{"line":199,"column":null}},"55":{"start":{"line":195,"column":12},"end":{"line":195,"column":null}},"56":{"start":{"line":198,"column":12},"end":{"line":198,"column":null}},"57":{"start":{"line":201,"column":10},"end":{"line":206,"column":null}},"58":{"start":{"line":209,"column":6},"end":{"line":209,"column":null}},"59":{"start":{"line":212,"column":4},"end":{"line":218,"column":null}},"60":{"start":{"line":213,"column":35},"end":{"line":213,"column":null}},"61":{"start":{"line":214,"column":6},"end":{"line":216,"column":null}},"62":{"start":{"line":215,"column":8},"end":{"line":215,"column":null}},"63":{"start":{"line":217,"column":6},"end":{"line":217,"column":null}},"64":{"start":{"line":219,"column":53},"end":{"line":234,"column":null}},"65":{"start":{"line":220,"column":22},"end":{"line":220,"column":null}},"66":{"start":{"line":221,"column":24},"end":{"line":221,"column":null}},"67":{"start":{"line":222,"column":4},"end":{"line":232,"column":null}},"68":{"start":{"line":223,"column":6},"end":{"line":231,"column":null}},"69":{"start":{"line":233,"column":4},"end":{"line":233,"column":null}},"70":{"start":{"line":236,"column":4},"end":{"line":245,"column":null}},"71":{"start":{"line":237,"column":38},"end":{"line":237,"column":null}},"72":{"start":{"line":238,"column":6},"end":{"line":243,"column":null}},"73":{"start":{"line":239,"column":8},"end":{"line":242,"column":null}},"74":{"start":{"line":244,"column":6},"end":{"line":244,"column":null}},"75":{"start":{"line":247,"column":4},"end":{"line":250,"column":null}},"76":{"start":{"line":248,"column":28},"end":{"line":248,"column":null}},"77":{"start":{"line":248,"column":60},"end":{"line":248,"column":145}},"78":{"start":{"line":249,"column":6},"end":{"line":249,"column":null}},"79":{"start":{"line":252,"column":4},"end":{"line":264,"column":null}},"80":{"start":{"line":253,"column":25},"end":{"line":253,"column":null}},"81":{"start":{"line":254,"column":26},"end":{"line":254,"column":null}},"82":{"start":{"line":254,"column":52},"end":{"line":254,"column":83}},"83":{"start":{"line":255,"column":6},"end":{"line":257,"column":null}},"84":{"start":{"line":256,"column":8},"end":{"line":256,"column":null}},"85":{"start":{"line":259,"column":6},"end":{"line":263,"column":null}},"86":{"start":{"line":260,"column":64},"end":{"line":260,"column":79}},"87":{"start":{"line":265,"column":26},"end":{"line":277,"column":null}},"88":{"start":{"line":266,"column":4},"end":{"line":268,"column":null}},"89":{"start":{"line":267,"column":6},"end":{"line":267,"column":null}},"90":{"start":{"line":269,"column":27},"end":{"line":269,"column":null}},"91":{"start":{"line":270,"column":22},"end":{"line":270,"column":null}},"92":{"start":{"line":270,"column":43},"end":{"line":270,"column":107}},"93":{"start":{"line":270,"column":70},"end":{"line":270,"column":106}},"94":{"start":{"line":271,"column":4},"end":{"line":275,"column":null}},"95":{"start":{"line":271,"column":17},"end":{"line":271,"column":20}},"96":{"start":{"line":272,"column":6},"end":{"line":272,"column":null}},"97":{"start":{"line":272,"column":34},"end":{"line":272,"column":null}},"98":{"start":{"line":273,"column":26},"end":{"line":273,"column":null}},"99":{"start":{"line":274,"column":6},"end":{"line":274,"column":null}},"100":{"start":{"line":276,"column":4},"end":{"line":276,"column":null}},"101":{"start":{"line":278,"column":40},"end":{"line":293,"column":null}},"102":{"start":{"line":279,"column":20},"end":{"line":279,"column":null}},"103":{"start":{"line":279,"column":39},"end":{"line":279,"column":57}},"104":{"start":{"line":280,"column":4},"end":{"line":282,"column":null}},"105":{"start":{"line":281,"column":6},"end":{"line":281,"column":null}},"106":{"start":{"line":284,"column":21},"end":{"line":284,"column":null}},"107":{"start":{"line":286,"column":4},"end":{"line":292,"column":null}},"108":{"start":{"line":295,"column":18},"end":{"line":295,"column":null}},"109":{"start":{"line":296,"column":4},"end":{"line":296,"column":null}},"110":{"start":{"line":299,"column":18},"end":{"line":299,"column":null}},"111":{"start":{"line":300,"column":4},"end":{"line":300,"column":null}},"112":{"start":{"line":302,"column":42},"end":{"line":302,"column":null}}},"fnMap":{"0":{"name":"(anonymous_0)","decl":{"start":{"line":31,"column":11},"end":{"line":31,"column":21}},"loc":{"start":{"line":31,"column":21},"end":{"line":31,"column":null}},"line":31},"1":{"name":"(anonymous_1)","decl":{"start":{"line":38,"column":11},"end":{"line":38,"column":21}},"loc":{"start":{"line":38,"column":21},"end":{"line":38,"column":null}},"line":38},"2":{"name":"(anonymous_2)","decl":{"start":{"line":45,"column":11},"end":{"line":45,"column":21}},"loc":{"start":{"line":45,"column":21},"end":{"line":45,"column":null}},"line":45},"3":{"name":"(anonymous_3)","decl":{"start":{"line":52,"column":11},"end":{"line":52,"column":21}},"loc":{"start":{"line":52,"column":21},"end":{"line":52,"column":null}},"line":52},"4":{"name":"(anonymous_4)","decl":{"start":{"line":59,"column":11},"end":{"line":59,"column":21}},"loc":{"start":{"line":59,"column":21},"end":{"line":59,"column":null}},"line":59},"5":{"name":"(anonymous_5)","decl":{"start":{"line":104,"column":46},"end":{"line":104,"column":47}},"loc":{"start":{"line":104,"column":61},"end":{"line":303,"column":2}},"line":104},"6":{"name":"(anonymous_6)","decl":{"start":{"line":128,"column":8},"end":{"line":128,"column":14}},"loc":{"start":{"line":128,"column":14},"end":{"line":180,"column":null}},"line":128},"7":{"name":"(anonymous_7)","decl":{"start":{"line":128,"column":18},"end":{"line":128,"column":27}},"loc":{"start":{"line":128,"column":27},"end":{"line":180,"column":3}},"line":128},"8":{"name":"(anonymous_8)","decl":{"start":{"line":129,"column":47},"end":{"line":129,"column":52}},"loc":{"start":{"line":129,"column":52},"end":{"line":129,"column":62}},"line":129},"9":{"name":"(anonymous_9)","decl":{"start":{"line":146,"column":34},"end":{"line":146,"column":45}},"loc":{"start":{"line":146,"column":45},"end":{"line":152,"column":7}},"line":146},"10":{"name":"(anonymous_10)","decl":{"start":{"line":162,"column":51},"end":{"line":162,"column":56}},"loc":{"start":{"line":162,"column":56},"end":{"line":162,"column":66}},"line":162},"11":{"name":"(anonymous_11)","decl":{"start":{"line":162,"column":72},"end":{"line":162,"column":77}},"loc":{"start":{"line":162,"column":77},"end":{"line":162,"column":82}},"line":162},"12":{"name":"(anonymous_12)","decl":{"start":{"line":162,"column":91},"end":{"line":162,"column":97}},"loc":{"start":{"line":162,"column":97},"end":{"line":162,"column":134}},"line":162},"13":{"name":"(anonymous_13)","decl":{"start":{"line":181,"column":15},"end":{"line":181,"column":null}},"loc":{"start":{"line":182,"column":4},"end":{"line":210,"column":null}},"line":182},"14":{"name":"(anonymous_14)","decl":{"start":{"line":182,"column":8},"end":{"line":182,"column":17}},"loc":{"start":{"line":182,"column":17},"end":{"line":210,"column":5}},"line":182},"15":{"name":"(anonymous_15)","decl":{"start":{"line":184,"column":55},"end":{"line":184,"column":60}},"loc":{"start":{"line":184,"column":60},"end":{"line":184,"column":70}},"line":184},"16":{"name":"(anonymous_16)","decl":{"start":{"line":193,"column":54},"end":{"line":193,"column":59}},"loc":{"start":{"line":193,"column":59},"end":{"line":193,"column":69}},"line":193},"17":{"name":"(anonymous_17)","decl":{"start":{"line":211,"column":18},"end":{"line":211,"column":null}},"loc":{"start":{"line":212,"column":4},"end":{"line":218,"column":null}},"line":212},"18":{"name":"(anonymous_18)","decl":{"start":{"line":212,"column":8},"end":{"line":212,"column":17}},"loc":{"start":{"line":212,"column":17},"end":{"line":218,"column":5}},"line":212},"19":{"name":"(anonymous_19)","decl":{"start":{"line":219,"column":21},"end":{"line":219,"column":22}},"loc":{"start":{"line":219,"column":53},"end":{"line":234,"column":null}},"line":219},"20":{"name":"(anonymous_20)","decl":{"start":{"line":219,"column":57},"end":{"line":219,"column":66}},"loc":{"start":{"line":219,"column":66},"end":{"line":234,"column":3}},"line":219},"21":{"name":"(anonymous_21)","decl":{"start":{"line":235,"column":21},"end":{"line":235,"column":null}},"loc":{"start":{"line":236,"column":4},"end":{"line":245,"column":null}},"line":236},"22":{"name":"(anonymous_22)","decl":{"start":{"line":236,"column":8},"end":{"line":236,"column":17}},"loc":{"start":{"line":236,"column":17},"end":{"line":245,"column":5}},"line":236},"23":{"name":"(anonymous_23)","decl":{"start":{"line":246,"column":19},"end":{"line":246,"column":20}},"loc":{"start":{"line":247,"column":4},"end":{"line":250,"column":null}},"line":247},"24":{"name":"(anonymous_24)","decl":{"start":{"line":247,"column":8},"end":{"line":247,"column":17}},"loc":{"start":{"line":247,"column":17},"end":{"line":250,"column":5}},"line":247},"25":{"name":"(anonymous_25)","decl":{"start":{"line":248,"column":49},"end":{"line":248,"column":50}},"loc":{"start":{"line":248,"column":60},"end":{"line":248,"column":145}},"line":248},"26":{"name":"(anonymous_26)","decl":{"start":{"line":251,"column":18},"end":{"line":251,"column":19}},"loc":{"start":{"line":252,"column":4},"end":{"line":264,"column":null}},"line":252},"27":{"name":"(anonymous_27)","decl":{"start":{"line":252,"column":8},"end":{"line":252,"column":17}},"loc":{"start":{"line":252,"column":17},"end":{"line":264,"column":5}},"line":252},"28":{"name":"(anonymous_28)","decl":{"start":{"line":254,"column":47},"end":{"line":254,"column":52}},"loc":{"start":{"line":254,"column":52},"end":{"line":254,"column":83}},"line":254},"29":{"name":"(anonymous_29)","decl":{"start":{"line":260,"column":58},"end":{"line":260,"column":64}},"loc":{"start":{"line":260,"column":64},"end":{"line":260,"column":79}},"line":260},"30":{"name":"(anonymous_30)","decl":{"start":{"line":265,"column":20},"end":{"line":265,"column":26}},"loc":{"start":{"line":265,"column":26},"end":{"line":277,"column":null}},"line":265},"31":{"name":"(anonymous_31)","decl":{"start":{"line":265,"column":30},"end":{"line":265,"column":39}},"loc":{"start":{"line":265,"column":39},"end":{"line":277,"column":3}},"line":265},"32":{"name":"(anonymous_32)","decl":{"start":{"line":270,"column":38},"end":{"line":270,"column":43}},"loc":{"start":{"line":270,"column":43},"end":{"line":270,"column":107}},"line":270},"33":{"name":"(anonymous_33)","decl":{"start":{"line":270,"column":65},"end":{"line":270,"column":70}},"loc":{"start":{"line":270,"column":70},"end":{"line":270,"column":106}},"line":270},"34":{"name":"(anonymous_34)","decl":{"start":{"line":278,"column":17},"end":{"line":278,"column":18}},"loc":{"start":{"line":278,"column":40},"end":{"line":293,"column":null}},"line":278},"35":{"name":"(anonymous_35)","decl":{"start":{"line":278,"column":44},"end":{"line":278,"column":53}},"loc":{"start":{"line":278,"column":53},"end":{"line":293,"column":3}},"line":278},"36":{"name":"(anonymous_36)","decl":{"start":{"line":279,"column":34},"end":{"line":279,"column":39}},"loc":{"start":{"line":279,"column":39},"end":{"line":279,"column":57}},"line":279},"37":{"name":"(anonymous_37)","decl":{"start":{"line":294,"column":32},"end":{"line":294,"column":38}},"loc":{"start":{"line":294,"column":38},"end":{"line":297,"column":null}},"line":294},"38":{"name":"(anonymous_38)","decl":{"start":{"line":298,"column":27},"end":{"line":298,"column":33}},"loc":{"start":{"line":298,"column":33},"end":{"line":301,"column":null}},"line":298},"39":{"name":"(anonymous_39)","decl":{"start":{"line":302,"column":11},"end":{"line":302,"column":12}},"loc":{"start":{"line":302,"column":42},"end":{"line":302,"column":null}},"line":302}},"branchMap":{"0":{"loc":{"start":{"line":136,"column":6},"end":{"line":141,"column":null}},"type":"if","locations":[{"start":{"line":136,"column":6},"end":{"line":141,"column":null}},{"start":{"line":138,"column":13},"end":{"line":141,"column":null}}],"line":136},"1":{"loc":{"start":{"line":145,"column":4},"end":{"line":153,"column":null}},"type":"if","locations":[{"start":{"line":145,"column":4},"end":{"line":153,"column":null}},{"start":{},"end":{}}],"line":145},"2":{"loc":{"start":{"line":147,"column":8},"end":{"line":151,"column":null}},"type":"if","locations":[{"start":{"line":147,"column":8},"end":{"line":151,"column":null}},{"start":{"line":149,"column":8},"end":{"line":151,"column":null}}],"line":147},"3":{"loc":{"start":{"line":149,"column":8},"end":{"line":151,"column":null}},"type":"if","locations":[{"start":{"line":149,"column":8},"end":{"line":151,"column":null}},{"start":{},"end":{}}],"line":149},"4":{"loc":{"start":{"line":161,"column":4},"end":{"line":167,"column":null}},"type":"if","locations":[{"start":{"line":161,"column":4},"end":{"line":167,"column":null}},{"start":{},"end":{}}],"line":161},"5":{"loc":{"start":{"line":161,"column":8},"end":{"line":161,"column":74}},"type":"binary-expr","locations":[{"start":{"line":161,"column":8},"end":{"line":161,"column":55}},{"start":{"line":161,"column":55},"end":{"line":161,"column":74}}],"line":161},"6":{"loc":{"start":{"line":164,"column":6},"end":{"line":166,"column":null}},"type":"if","locations":[{"start":{"line":164,"column":6},"end":{"line":166,"column":null}},{"start":{},"end":{}}],"line":164},"7":{"loc":{"start":{"line":164,"column":10},"end":{"line":164,"column":96}},"type":"binary-expr","locations":[{"start":{"line":164,"column":10},"end":{"line":164,"column":45}},{"start":{"line":164,"column":45},"end":{"line":164,"column":96}}],"line":164},"8":{"loc":{"start":{"line":169,"column":4},"end":{"line":171,"column":null}},"type":"if","locations":[{"start":{"line":169,"column":4},"end":{"line":171,"column":null}},{"start":{},"end":{}}],"line":169},"9":{"loc":{"start":{"line":169,"column":8},"end":{"line":169,"column":100}},"type":"binary-expr","locations":[{"start":{"line":169,"column":8},"end":{"line":169,"column":62}},{"start":{"line":169,"column":62},"end":{"line":169,"column":100}}],"line":169},"10":{"loc":{"start":{"line":186,"column":6},"end":{"line":208,"column":null}},"type":"if","locations":[{"start":{"line":186,"column":6},"end":{"line":208,"column":null}},{"start":{},"end":{}}],"line":186},"11":{"loc":{"start":{"line":186,"column":10},"end":{"line":186,"column":85}},"type":"binary-expr","locations":[{"start":{"line":186,"column":10},"end":{"line":186,"column":46}},{"start":{"line":186,"column":46},"end":{"line":186,"column":85}}],"line":186},"12":{"loc":{"start":{"line":188,"column":8},"end":{"line":207,"column":null}},"type":"if","locations":[{"start":{"line":188,"column":8},"end":{"line":207,"column":null}},{"start":{},"end":{}}],"line":188},"13":{"loc":{"start":{"line":194,"column":10},"end":{"line":199,"column":null}},"type":"if","locations":[{"start":{"line":194,"column":10},"end":{"line":199,"column":null}},{"start":{"line":196,"column":17},"end":{"line":199,"column":null}}],"line":194},"14":{"loc":{"start":{"line":214,"column":6},"end":{"line":216,"column":null}},"type":"if","locations":[{"start":{"line":214,"column":6},"end":{"line":216,"column":null}},{"start":{},"end":{}}],"line":214},"15":{"loc":{"start":{"line":222,"column":4},"end":{"line":232,"column":null}},"type":"if","locations":[{"start":{"line":222,"column":4},"end":{"line":232,"column":null}},{"start":{},"end":{}}],"line":222},"16":{"loc":{"start":{"line":222,"column":8},"end":{"line":222,"column":66}},"type":"binary-expr","locations":[{"start":{"line":222,"column":8},"end":{"line":222,"column":36}},{"start":{"line":222,"column":36},"end":{"line":222,"column":66}}],"line":222},"17":{"loc":{"start":{"line":238,"column":6},"end":{"line":243,"column":null}},"type":"if","locations":[{"start":{"line":238,"column":6},"end":{"line":243,"column":null}},{"start":{},"end":{}}],"line":238},"18":{"loc":{"start":{"line":248,"column":60},"end":{"line":248,"column":145}},"type":"cond-expr","locations":[{"start":{"line":248,"column":75},"end":{"line":248,"column":143}},{"start":{"line":248,"column":143},"end":{"line":248,"column":145}}],"line":248},"19":{"loc":{"start":{"line":248,"column":83},"end":{"line":248,"column":125}},"type":"cond-expr","locations":[{"start":{"line":248,"column":105},"end":{"line":248,"column":117}},{"start":{"line":248,"column":117},"end":{"line":248,"column":125}}],"line":248},"20":{"loc":{"start":{"line":254,"column":52},"end":{"line":254,"column":83}},"type":"binary-expr","locations":[{"start":{"line":254,"column":52},"end":{"line":254,"column":66}},{"start":{"line":254,"column":66},"end":{"line":254,"column":83}}],"line":254},"21":{"loc":{"start":{"line":255,"column":6},"end":{"line":257,"column":null}},"type":"if","locations":[{"start":{"line":255,"column":6},"end":{"line":257,"column":null}},{"start":{},"end":{}}],"line":255},"22":{"loc":{"start":{"line":266,"column":4},"end":{"line":268,"column":null}},"type":"if","locations":[{"start":{"line":266,"column":4},"end":{"line":268,"column":null}},{"start":{},"end":{}}],"line":266},"23":{"loc":{"start":{"line":272,"column":6},"end":{"line":272,"column":null}},"type":"if","locations":[{"start":{"line":272,"column":6},"end":{"line":272,"column":null}},{"start":{},"end":{}}],"line":272},"24":{"loc":{"start":{"line":280,"column":4},"end":{"line":282,"column":null}},"type":"if","locations":[{"start":{"line":280,"column":4},"end":{"line":282,"column":null}},{"start":{},"end":{}}],"line":280}},"s":{"0":1,"1":0,"2":0,"3":0,"4":0,"5":0,"6":1,"7":1,"8":1,"9":3,"10":3,"11":1,"12":3,"13":3,"14":3,"15":3,"16":3,"17":0,"18":0,"19":0,"20":0,"21":3,"22":3,"23":2,"24":1,"25":1,"26":1,"27":3,"28":3,"29":3,"30":3,"31":3,"32":3,"33":1,"34":1,"35":1,"36":1,"37":1,"38":1,"39":1,"40":3,"41":0,"42":3,"43":1,"44":1,"45":1,"46":0,"47":1,"48":1,"49":1,"50":1,"51":1,"52":1,"53":0,"54":1,"55":0,"56":1,"57":1,"58":0,"59":0,"60":0,"61":0,"62":0,"63":0,"64":3,"65":3,"66":3,"67":3,"68":1,"69":2,"70":0,"71":0,"72":0,"73":0,"74":0,"75":0,"76":0,"77":0,"78":0,"79":0,"80":0,"81":0,"82":0,"83":0,"84":0,"85":0,"86":0,"87":0,"88":0,"89":0,"90":0,"91":0,"92":0,"93":0,"94":0,"95":0,"96":0,"97":0,"98":0,"99":0,"100":0,"101":0,"102":0,"103":0,"104":0,"105":0,"106":0,"107":0,"108":3,"109":3,"110":0,"111":0,"112":2},"f":{"0":0,"1":0,"2":0,"3":0,"4":0,"5":1,"6":3,"7":3,"8":1,"9":2,"10":1,"11":1,"12":1,"13":1,"14":1,"15":0,"16":0,"17":0,"18":0,"19":3,"20":3,"21":0,"22":0,"23":0,"24":0,"25":0,"26":0,"27":0,"28":0,"29":0,"30":0,"31":0,"32":0,"33":0,"34":0,"35":0,"36":0,"37":3,"38":0,"39":2},"b":{"0":[0,0],"1":[3,0],"2":[1,1],"3":[1,0],"4":[1,2],"5":[3,3],"6":[1,0],"7":[1,1],"8":[0,3],"9":[3,0],"10":[1,0],"11":[1,1],"12":[1,0],"13":[0,1],"14":[0,0],"15":[1,2],"16":[3,2],"17":[0,0],"18":[0,0],"19":[0,0],"20":[0,0],"21":[0,0],"22":[0,0],"23":[0,0],"24":[0,0]},"meta":{"lastBranch":25,"lastFunction":40,"lastStatement":113,"seen":{"s:26:35:62:Infinity":0,"f:31:11:31:21":0,"s:31:21:31:Infinity":1,"f:38:11:38:21":1,"s:38:21:38:Infinity":2,"f:45:11:45:21":2,"s:45:21:45:Infinity":3,"f:52:11:52:21":3,"s:52:21:52:Infinity":4,"f:59:11:59:21":4,"s:59:21:59:Infinity":5,"s:102:26:102:Infinity":6,"s:104:13:303:Infinity":7,"f:104:46:104:47":5,"s:104:61:303:2":8,"f:128:8:128:14":6,"s:128:14:180:Infinity":9,"f:128:18:128:27":7,"s:129:26:129:Infinity":10,"f:129:47:129:52":8,"s:129:52:129:62":11,"s:130:20:130:Infinity":12,"s:131:18:131:Infinity":13,"s:133:28:133:Infinity":14,"s:135:4:142:Infinity":15,"s:135:17:135:20":16,"b:136:6:141:Infinity:138:13:141:Infinity":0,"s:136:6:141:Infinity":17,"s:137:8:137:Infinity":18,"s:139:33:139:Infinity":19,"s:140:8:140:Infinity":20,"b:145:4:153:Infinity:undefined:undefined:undefined:undefined":1,"s:145:4:153:Infinity":21,"s:146:6:152:Infinity":22,"f:146:34:146:45":9,"b:147:8:151:Infinity:149:8:151:Infinity":2,"s:147:8:151:Infinity":23,"s:148:10:148:Infinity":24,"b:149:8:151:Infinity:undefined:undefined:undefined:undefined":3,"s:149:8:151:Infinity":25,"s:150:10:150:Infinity":26,"s:155:19:155:Infinity":27,"s:156:21:156:Infinity":28,"s:157:18:157:Infinity":29,"s:158:19:158:Infinity":30,"s:159:31:159:Infinity":31,"b:161:4:167:Infinity:undefined:undefined:undefined:undefined":4,"s:161:4:167:Infinity":32,"b:161:8:161:55:161:55:161:74":5,"s:162:30:162:Infinity":33,"f:162:51:162:56":10,"s:162:56:162:66":34,"f:162:72:162:77":11,"s:162:77:162:82":35,"f:162:91:162:97":12,"s:162:97:162:134":36,"s:163:32:163:Infinity":37,"b:164:6:166:Infinity:undefined:undefined:undefined:undefined":6,"s:164:6:166:Infinity":38,"b:164:10:164:45:164:45:164:96":7,"s:165:8:165:Infinity":39,"b:169:4:171:Infinity:undefined:undefined:undefined:undefined":8,"s:169:4:171:Infinity":40,"b:169:8:169:62:169:62:169:100":9,"s:170:6:170:Infinity":41,"s:173:4:179:Infinity":42,"f:181:15:181:Infinity":13,"s:182:4:210:Infinity":43,"f:182:8:182:17":14,"s:183:25:183:Infinity":44,"s:184:34:184:Infinity":45,"f:184:55:184:60":15,"s:184:60:184:70":46,"b:186:6:208:Infinity:undefined:undefined:undefined:undefined":10,"s:186:6:208:Infinity":47,"b:186:10:186:46:186:46:186:85":11,"s:187:34:187:Infinity":48,"b:188:8:207:Infinity:undefined:undefined:undefined:undefined":12,"s:188:8:207:Infinity":49,"s:189:29:189:Infinity":50,"s:190:28:190:Infinity":51,"s:193:33:193:Infinity":52,"f:193:54:193:59":16,"s:193:59:193:69":53,"b:194:10:199:Infinity:196:17:199:Infinity":13,"s:194:10:199:Infinity":54,"s:195:12:195:Infinity":55,"s:198:12:198:Infinity":56,"s:201:10:206:Infinity":57,"s:209:6:209:Infinity":58,"f:211:18:211:Infinity":17,"s:212:4:218:Infinity":59,"f:212:8:212:17":18,"s:213:35:213:Infinity":60,"b:214:6:216:Infinity:undefined:undefined:undefined:undefined":14,"s:214:6:216:Infinity":61,"s:215:8:215:Infinity":62,"s:217:6:217:Infinity":63,"f:219:21:219:22":19,"s:219:53:234:Infinity":64,"f:219:57:219:66":20,"s:220:22:220:Infinity":65,"s:221:24:221:Infinity":66,"b:222:4:232:Infinity:undefined:undefined:undefined:undefined":15,"s:222:4:232:Infinity":67,"b:222:8:222:36:222:36:222:66":16,"s:223:6:231:Infinity":68,"s:233:4:233:Infinity":69,"f:235:21:235:Infinity":21,"s:236:4:245:Infinity":70,"f:236:8:236:17":22,"s:237:38:237:Infinity":71,"b:238:6:243:Infinity:undefined:undefined:undefined:undefined":17,"s:238:6:243:Infinity":72,"s:239:8:242:Infinity":73,"s:244:6:244:Infinity":74,"f:246:19:246:20":23,"s:247:4:250:Infinity":75,"f:247:8:247:17":24,"s:248:28:248:Infinity":76,"f:248:49:248:50":25,"s:248:60:248:145":77,"b:248:75:248:143:248:143:248:145":18,"b:248:105:248:117:248:117:248:125":19,"s:249:6:249:Infinity":78,"f:251:18:251:19":26,"s:252:4:264:Infinity":79,"f:252:8:252:17":27,"s:253:25:253:Infinity":80,"s:254:26:254:Infinity":81,"f:254:47:254:52":28,"s:254:52:254:83":82,"b:254:52:254:66:254:66:254:83":20,"b:255:6:257:Infinity:undefined:undefined:undefined:undefined":21,"s:255:6:257:Infinity":83,"s:256:8:256:Infinity":84,"s:259:6:263:Infinity":85,"f:260:58:260:64":29,"s:260:64:260:79":86,"f:265:20:265:26":30,"s:265:26:277:Infinity":87,"f:265:30:265:39":31,"b:266:4:268:Infinity:undefined:undefined:undefined:undefined":22,"s:266:4:268:Infinity":88,"s:267:6:267:Infinity":89,"s:269:27:269:Infinity":90,"s:270:22:270:Infinity":91,"f:270:38:270:43":32,"s:270:43:270:107":92,"f:270:65:270:70":33,"s:270:70:270:106":93,"s:271:4:275:Infinity":94,"s:271:17:271:20":95,"b:272:6:272:Infinity:undefined:undefined:undefined:undefined":23,"s:272:6:272:Infinity":96,"s:272:34:272:Infinity":97,"s:273:26:273:Infinity":98,"s:274:6:274:Infinity":99,"s:276:4:276:Infinity":100,"f:278:17:278:18":34,"s:278:40:293:Infinity":101,"f:278:44:278:53":35,"s:279:20:279:Infinity":102,"f:279:34:279:39":36,"s:279:39:279:57":103,"b:280:4:282:Infinity:undefined:undefined:undefined:undefined":24,"s:280:4:282:Infinity":104,"s:281:6:281:Infinity":105,"s:284:21:284:Infinity":106,"s:286:4:292:Infinity":107,"f:294:32:294:38":37,"s:295:18:295:Infinity":108,"s:296:4:296:Infinity":109,"f:298:27:298:33":38,"s:299:18:299:Infinity":110,"s:300:4:300:Infinity":111,"f:302:11:302:12":39,"s:302:42:302:Infinity":112}}}
}
